# JRE version: OpenJDK Runtime Environment GraalVM CE 22.3.0 (17.0.5+8) (build 17.0.5+8-jvmci-22.3-b08)
# Java VM: OpenJDK 64-Bit Server VM GraalVM CE 22.3.0 (17.0.5+8-jvmci-22.3-b08, mixed mode, sharing, tiered, jvmci, jvmci compiler, compressed oops, compressed class ptrs, parallel gc, linux-amd64)
GC Precious Log:
 CPUs: 8 total, 1 available
 Memory: 1024M
 Large Page Support: Disabled
 NUMA Support: Disabled
 Compressed Oops: Enabled (32-bit)
 Alignments: Space 512K, Generation 512K, Heap 2M
 Heap Min Capacity: 100M
 Heap Initial Capacity: 100M
 Heap Max Capacity: 512M
 Pre-touch: Disabled
 Parallel Workers: 1
Heap:
 PSYoungGen      total 42496K, used 31744K [0x00000000f5580000, 0x00000000f8f00000, 0x0000000100000000)
  eden space 31744K, 100% used [0x00000000f5580000,0x00000000f7480000,0x00000000f7480000)
  from space 10752K, 0% used [0x00000000f8280000,0x00000000f8280000,0x00000000f8d00000)
  to   space 12800K, 0% used [0x00000000f7480000,0x00000000f7480000,0x00000000f8100000)
 ParOldGen       total 349696K, used 349695K [0x00000000e0000000, 0x00000000f5580000, 0x00000000f5580000)
  object space 349696K, 99% used [0x00000000e0000000,0x00000000f557ff30,0x00000000f5580000)
 Metaspace       used 65912K, committed 66816K, reserved 1114112K
  class space    used 5988K, committed 6400K, reserved 1048576K
GC Heap History (20 events):
Event: 3017.470 GC heap before
{Heap before GC invocations=1256 (full 1095):
 PSYoungGen      total 42496K, used 31743K [0x00000000f5580000, 0x00000000f8f00000, 0x0000000100000000)
  eden space 31744K, 99% used [0x00000000f5580000,0x00000000f747fff8,0x00000000f7480000)
  from space 10752K, 0% used [0x00000000f8280000,0x00000000f8280000,0x00000000f8d00000)
  to   space 12800K, 0% used [0x00000000f7480000,0x00000000f7480000,0x00000000f8100000)
 ParOldGen       total 349696K, used 349695K [0x00000000e0000000, 0x00000000f5580000, 0x00000000f5580000)
  object space 349696K, 99% used [0x00000000e0000000,0x00000000f557ffc0,0x00000000f5580000)
 Metaspace       used 65912K, committed 66816K, reserved 1114112K
  class space    used 5988K, committed 6400K, reserved 1048576K
}
Event: 3019.259 GC heap after
{Heap after GC invocations=1256 (full 1095):
 PSYoungGen      total 44544K, used 31743K [0x00000000f5580000, 0x00000000f8f00000, 0x0000000100000000)
  eden space 31744K, 99% used [0x00000000f5580000,0x00000000f747fff8,0x00000000f7480000)
  from space 12800K, 0% used [0x00000000f7480000,0x00000000f7480000,0x00000000f8100000)
  to   space 10752K, 0% used [0x00000000f8280000,0x00000000f8280000,0x00000000f8d00000)
 ParOldGen       total 349696K, used 349695K [0x00000000e0000000, 0x00000000f5580000, 0x00000000f5580000)
  object space 349696K, 99% used [0x00000000e0000000,0x00000000f557ffc0,0x00000000f5580000)
 Metaspace       used 65912K, committed 66816K, reserved 1114112K
  class space    used 5988K, committed 6400K, reserved 1048576K
}
Event: 3019.261 GC heap before
{Heap before GC invocations=1257 (full 1096):
 PSYoungGen      total 44544K, used 31743K [0x00000000f5580000, 0x00000000f8f00000, 0x0000000100000000)
  eden space 31744K, 99% used [0x00000000f5580000,0x00000000f747fff8,0x00000000f7480000)
  from space 12800K, 0% used [0x00000000f7480000,0x00000000f7480000,0x00000000f8100000)
  to   space 10752K, 0% used [0x00000000f8280000,0x00000000f8280000,0x00000000f8d00000)
 ParOldGen       total 349696K, used 349695K [0x00000000e0000000, 0x00000000f5580000, 0x00000000f5580000)
  object space 349696K, 99% used [0x00000000e0000000,0x00000000f557fff0,0x00000000f5580000)
 Metaspace       used 65912K, committed 66816K, reserved 1114112K
  class space    used 5988K, committed 6400K, reserved 1048576K
}
Event: 3020.543 GC heap after
{Heap after GC invocations=1257 (full 1096):
 PSYoungGen      total 42496K, used 31743K [0x00000000f5580000, 0x00000000f8f00000, 0x0000000100000000)
  eden space 31744K, 99% used [0x00000000f5580000,0x00000000f747fff8,0x00000000f7480000)
  from space 10752K, 0% used [0x00000000f8280000,0x00000000f8280000,0x00000000f8d00000)
  to   space 12800K, 0% used [0x00000000f7480000,0x00000000f7480000,0x00000000f8100000)
 ParOldGen       total 349696K, used 349695K [0x00000000e0000000, 0x00000000f5580000, 0x00000000f5580000)
  object space 349696K, 99% used [0x00000000e0000000,0x00000000f557fff0,0x00000000f5580000)
 Metaspace       used 65912K, committed 66816K, reserved 1114112K
  class space    used 5988K, committed 6400K, reserved 1048576K
}
Event: 3020.543 GC heap before
{Heap before GC invocations=1258 (full 1097):
 PSYoungGen      total 42496K, used 31743K [0x00000000f5580000, 0x00000000f8f00000, 0x0000000100000000)
  eden space 31744K, 99% used [0x00000000f5580000,0x00000000f747fff8,0x00000000f7480000)
  from space 10752K, 0% used [0x00000000f8280000,0x00000000f8280000,0x00000000f8d00000)
  to   space 12800K, 0% used [0x00000000f7480000,0x00000000f7480000,0x00000000f8100000)
 ParOldGen       total 349696K, used 349695K [0x00000000e0000000, 0x00000000f5580000, 0x00000000f5580000)
  object space 349696K, 99% used [0x00000000e0000000,0x00000000f557fff0,0x00000000f5580000)
 Metaspace       used 65912K, committed 66816K, reserved 1114112K
  class space    used 5988K, committed 6400K, reserved 1048576K
}
Event: 3021.943 GC heap after
{Heap after GC invocations=1258 (full 1097):
 PSYoungGen      total 44544K, used 31743K [0x00000000f5580000, 0x00000000f8f00000, 0x0000000100000000)
  eden space 31744K, 99% used [0x00000000f5580000,0x00000000f747fff8,0x00000000f7480000)
  from space 12800K, 0% used [0x00000000f7480000,0x00000000f7480000,0x00000000f8100000)
  to   space 10752K, 0% used [0x00000000f8280000,0x00000000f8280000,0x00000000f8d00000)
 ParOldGen       total 349696K, used 349695K [0x00000000e0000000, 0x00000000f5580000, 0x00000000f5580000)
  object space 349696K, 99% used [0x00000000e0000000,0x00000000f557fff0,0x00000000f5580000)
 Metaspace       used 65912K, committed 66816K, reserved 1114112K
  class space    used 5988K, committed 6400K, reserved 1048576K
}
Event: 3021.943 GC heap before
{Heap before GC invocations=1259 (full 1098):
 PSYoungGen      total 44544K, used 31743K [0x00000000f5580000, 0x00000000f8f00000, 0x0000000100000000)
  eden space 31744K, 99% used [0x00000000f5580000,0x00000000f747fff8,0x00000000f7480000)
  from space 12800K, 0% used [0x00000000f7480000,0x00000000f7480000,0x00000000f8100000)
  to   space 10752K, 0% used [0x00000000f8280000,0x00000000f8280000,0x00000000f8d00000)
 ParOldGen       total 349696K, used 349695K [0x00000000e0000000, 0x00000000f5580000, 0x00000000f5580000)
  object space 349696K, 99% used [0x00000000e0000000,0x00000000f557fff0,0x00000000f5580000)
 Metaspace       used 65912K, committed 66816K, reserved 1114112K
  class space    used 5988K, committed 6400K, reserved 1048576K
}
Event: 3023.342 GC heap after
{Heap after GC invocations=1259 (full 1098):
 PSYoungGen      total 42496K, used 31743K [0x00000000f5580000, 0x00000000f8f00000, 0x0000000100000000)
  eden space 31744K, 99% used [0x00000000f5580000,0x00000000f747ffd8,0x00000000f7480000)
  from space 10752K, 0% used [0x00000000f8280000,0x00000000f8280000,0x00000000f8d00000)
  to   space 12800K, 0% used [0x00000000f7480000,0x00000000f7480000,0x00000000f8100000)
 ParOldGen       total 349696K, used 349695K [0x00000000e0000000, 0x00000000f5580000, 0x00000000f5580000)
  object space 349696K, 99% used [0x00000000e0000000,0x00000000f557fff0,0x00000000f5580000)
 Metaspace       used 65912K, committed 66816K, reserved 1114112K
  class space    used 5988K, committed 6400K, reserved 1048576K
}
Event: 3023.342 GC heap before
{Heap before GC invocations=1260 (full 1099):
 PSYoungGen      total 42496K, used 31743K [0x00000000f5580000, 0x00000000f8f00000, 0x0000000100000000)
  eden space 31744K, 99% used [0x00000000f5580000,0x00000000f747ffd8,0x00000000f7480000)
  from space 10752K, 0% used [0x00000000f8280000,0x00000000f8280000,0x00000000f8d00000)
  to   space 12800K, 0% used [0x00000000f7480000,0x00000000f7480000,0x00000000f8100000)
 ParOldGen       total 349696K, used 349695K [0x00000000e0000000, 0x00000000f5580000, 0x00000000f5580000)
  object space 349696K, 99% used [0x00000000e0000000,0x00000000f557fff0,0x00000000f5580000)
 Metaspace       used 65912K, committed 66816K, reserved 1114112K
  class space    used 5988K, committed 6400K, reserved 1048576K
}
Event: 3024.646 GC heap after
{Heap after GC invocations=1260 (full 1099):
 PSYoungGen      total 44544K, used 31743K [0x00000000f5580000, 0x00000000f8f00000, 0x0000000100000000)
  eden space 31744K, 99% used [0x00000000f5580000,0x00000000f747ffd8,0x00000000f7480000)
  from space 12800K, 0% used [0x00000000f7480000,0x00000000f7480000,0x00000000f8100000)
  to   space 10752K, 0% used [0x00000000f8280000,0x00000000f8280000,0x00000000f8d00000)
 ParOldGen       total 349696K, used 349695K [0x00000000e0000000, 0x00000000f5580000, 0x00000000f5580000)
  object space 349696K, 99% used [0x00000000e0000000,0x00000000f557fff0,0x00000000f5580000)
 Metaspace       used 65912K, committed 66816K, reserved 1114112K
  class space    used 5988K, committed 6400K, reserved 1048576K
}
Event: 3024.647 GC heap before
{Heap before GC invocations=1261 (full 1100):
 PSYoungGen      total 44544K, used 31743K [0x00000000f5580000, 0x00000000f8f00000, 0x0000000100000000)
  eden space 31744K, 99% used [0x00000000f5580000,0x00000000f747fff8,0x00000000f7480000)
  from space 12800K, 0% used [0x00000000f7480000,0x00000000f7480000,0x00000000f8100000)
  to   space 10752K, 0% used [0x00000000f8280000,0x00000000f8280000,0x00000000f8d00000)
 ParOldGen       total 349696K, used 349696K [0x00000000e0000000, 0x00000000f5580000, 0x00000000f5580000)
  object space 349696K, 100% used [0x00000000e0000000,0x00000000f5580000,0x00000000f5580000)
 Metaspace       used 65912K, committed 66816K, reserved 1114112K
  class space    used 5988K, committed 6400K, reserved 1048576K
}
Event: 3026.059 GC heap after
{Heap after GC invocations=1261 (full 1100):
 PSYoungGen      total 42496K, used 31743K [0x00000000f5580000, 0x00000000f8f00000, 0x0000000100000000)
  eden space 31744K, 99% used [0x00000000f5580000,0x00000000f747ff58,0x00000000f7480000)
  from space 10752K, 0% used [0x00000000f8280000,0x00000000f8280000,0x00000000f8d00000)
  to   space 12800K, 0% used [0x00000000f7480000,0x00000000f7480000,0x00000000f8100000)
 ParOldGen       total 349696K, used 349694K [0x00000000e0000000, 0x00000000f5580000, 0x00000000f5580000)
  object space 349696K, 99% used [0x00000000e0000000,0x00000000f557f8e0,0x00000000f5580000)
 Metaspace       used 65912K, committed 66816K, reserved 1114112K
  class space    used 5988K, committed 6400K, reserved 1048576K
}
Event: 3026.059 GC heap before
{Heap before GC invocations=1262 (full 1101):
 PSYoungGen      total 42496K, used 31744K [0x00000000f5580000, 0x00000000f8f00000, 0x0000000100000000)
  eden space 31744K, 100% used [0x00000000f5580000,0x00000000f7480000,0x00000000f7480000)
  from space 10752K, 0% used [0x00000000f8280000,0x00000000f8280000,0x00000000f8d00000)
  to   space 12800K, 0% used [0x00000000f7480000,0x00000000f7480000,0x00000000f8100000)
 ParOldGen       total 349696K, used 349694K [0x00000000e0000000, 0x00000000f5580000, 0x00000000f5580000)
  object space 349696K, 99% used [0x00000000e0000000,0x00000000f557f8e0,0x00000000f5580000)
 Metaspace       used 65912K, committed 66816K, reserved 1114112K
  class space    used 5988K, committed 6400K, reserved 1048576K
}
Event: 3027.242 GC heap after
{Heap after GC invocations=1262 (full 1101):
 PSYoungGen      total 44544K, used 31743K [0x00000000f5580000, 0x00000000f8f00000, 0x0000000100000000)
  eden space 31744K, 99% used [0x00000000f5580000,0x00000000f747ff70,0x00000000f7480000)
  from space 12800K, 0% used [0x00000000f7480000,0x00000000f7480000,0x00000000f8100000)
  to   space 10752K, 0% used [0x00000000f8280000,0x00000000f8280000,0x00000000f8d00000)
 ParOldGen       total 349696K, used 349694K [0x00000000e0000000, 0x00000000f5580000, 0x00000000f5580000)
  object space 349696K, 99% used [0x00000000e0000000,0x00000000f557f8e0,0x00000000f5580000)
 Metaspace       used 65912K, committed 66816K, reserved 1114112K
  class space    used 5988K, committed 6400K, reserved 1048576K
}
Event: 3027.242 GC heap before
{Heap before GC invocations=1263 (full 1102):
 PSYoungGen      total 44544K, used 31744K [0x00000000f5580000, 0x00000000f8f00000, 0x0000000100000000)
  eden space 31744K, 100% used [0x00000000f5580000,0x00000000f7480000,0x00000000f7480000)
  from space 12800K, 0% used [0x00000000f7480000,0x00000000f7480000,0x00000000f8100000)
  to   space 10752K, 0% used [0x00000000f8280000,0x00000000f8280000,0x00000000f8d00000)
 ParOldGen       total 349696K, used 349694K [0x00000000e0000000, 0x00000000f5580000, 0x00000000f5580000)
  object space 349696K, 99% used [0x00000000e0000000,0x00000000f557f8e0,0x00000000f5580000)
 Metaspace       used 65912K, committed 66816K, reserved 1114112K
  class space    used 5988K, committed 6400K, reserved 1048576K
}
Event: 3028.747 GC heap after
{Heap after GC invocations=1263 (full 1102):
 PSYoungGen      total 42496K, used 31743K [0x00000000f5580000, 0x00000000f8f00000, 0x0000000100000000)
  eden space 31744K, 99% used [0x00000000f5580000,0x00000000f747ff70,0x00000000f7480000)
  from space 10752K, 0% used [0x00000000f8280000,0x00000000f8280000,0x00000000f8d00000)
  to   space 12800K, 0% used [0x00000000f7480000,0x00000000f7480000,0x00000000f8100000)
 ParOldGen       total 349696K, used 349694K [0x00000000e0000000, 0x00000000f5580000, 0x00000000f5580000)
  object space 349696K, 99% used [0x00000000e0000000,0x00000000f557f8e0,0x00000000f5580000)
 Metaspace       used 65912K, committed 66816K, reserved 1114112K
  class space    used 5988K, committed 6400K, reserved 1048576K
}
Event: 3028.753 GC heap before
{Heap before GC invocations=1264 (full 1103):
 PSYoungGen      total 42496K, used 31743K [0x00000000f5580000, 0x00000000f8f00000, 0x0000000100000000)
  eden space 31744K, 99% used [0x00000000f5580000,0x00000000f747ffc0,0x00000000f7480000)
  from space 10752K, 0% used [0x00000000f8280000,0x00000000f8280000,0x00000000f8d00000)
  to   space 12800K, 0% used [0x00000000f7480000,0x00000000f7480000,0x00000000f8100000)
 ParOldGen       total 349696K, used 349694K [0x00000000e0000000, 0x00000000f5580000, 0x00000000f5580000)
  object space 349696K, 99% used [0x00000000e0000000,0x00000000f557f8e0,0x00000000f5580000)
 Metaspace       used 65912K, committed 66816K, reserved 1114112K
  class space    used 5988K, committed 6400K, reserved 1048576K
}
Event: 3029.824 GC heap after
{Heap after GC invocations=1264 (full 1103):
 PSYoungGen      total 44544K, used 31743K [0x00000000f5580000, 0x00000000f8f00000, 0x0000000100000000)
  eden space 31744K, 99% used [0x00000000f5580000,0x00000000f747ff70,0x00000000f7480000)
  from space 12800K, 0% used [0x00000000f7480000,0x00000000f7480000,0x00000000f8100000)
  to   space 10752K, 0% used [0x00000000f8280000,0x00000000f8280000,0x00000000f8d00000)
 ParOldGen       total 349696K, used 349694K [0x00000000e0000000, 0x00000000f5580000, 0x00000000f5580000)
  object space 349696K, 99% used [0x00000000e0000000,0x00000000f557f8e0,0x00000000f5580000)
 Metaspace       used 65912K, committed 66816K, reserved 1114112K
  class space    used 5988K, committed 6400K, reserved 1048576K
}
Event: 3029.824 GC heap before
{Heap before GC invocations=1265 (full 1104):
 PSYoungGen      total 44544K, used 31743K [0x00000000f5580000, 0x00000000f8f00000, 0x0000000100000000)
  eden space 31744K, 99% used [0x00000000f5580000,0x00000000f747ff70,0x00000000f7480000)
  from space 12800K, 0% used [0x00000000f7480000,0x00000000f7480000,0x00000000f8100000)
  to   space 10752K, 0% used [0x00000000f8280000,0x00000000f8280000,0x00000000f8d00000)
 ParOldGen       total 349696K, used 349694K [0x00000000e0000000, 0x00000000f5580000, 0x00000000f5580000)
  object space 349696K, 99% used [0x00000000e0000000,0x00000000f557f8e0,0x00000000f5580000)
 Metaspace       used 65912K, committed 66816K, reserved 1114112K
  class space    used 5988K, committed 6400K, reserved 1048576K
}
Event: 3031.118 GC heap after
{Heap after GC invocations=1265 (full 1104):
 PSYoungGen      total 42496K, used 31743K [0x00000000f5580000, 0x00000000f8f00000, 0x0000000100000000)
  eden space 31744K, 99% used [0x00000000f5580000,0x00000000f747ff70,0x00000000f7480000)
  from space 10752K, 0% used [0x00000000f8280000,0x00000000f8280000,0x00000000f8d00000)
  to   space 12800K, 0% used [0x00000000f7480000,0x00000000f7480000,0x00000000f8100000)
 ParOldGen       total 349696K, used 349694K [0x00000000e0000000, 0x00000000f5580000, 0x00000000f5580000)
  object space 349696K, 99% used [0x00000000e0000000,0x00000000f557f8e0,0x00000000f5580000)
 Metaspace       used 65912K, committed 66816K, reserved 1114112K
  class space    used 5988K, committed 6400K, reserved 1048576K
}

