# JRE version: OpenJDK Runtime Environment GraalVM CE 22.3.0 (17.0.5+8) (build 17.0.5+8-jvmci-22.3-b08)
# Java VM: OpenJDK 64-Bit Server VM GraalVM CE 22.3.0 (17.0.5+8-jvmci-22.3-b08, mixed mode, sharing, tiered, jvmci, jvmci compiler, compressed oops, compressed class ptrs, parallel gc, linux-amd64)
GC Precious Log:
 CPUs: 8 total, 1 available
 Memory: 1024M
 Large Page Support: Disabled
 NUMA Support: Disabled
 Compressed Oops: Enabled (32-bit)
 Alignments: Space 512K, Generation 512K, Heap 2M
 Heap Min Capacity: 100M
 Heap Initial Capacity: 100M
 Heap Max Capacity: 512M
 Pre-touch: Disabled
 Parallel Workers: 1
Heap:
 PSYoungGen      total 53248K, used 40448K [0x00000000f5580000, 0x00000000fa000000, 0x0000000100000000)
  eden space 40448K, 100% used [0x00000000f5580000,0x00000000f7d00000,0x00000000f7d00000)
  from space 12800K, 0% used [0x00000000f8e00000,0x00000000f8e00000,0x00000000f9a80000)
  to   space 17408K, 0% used [0x00000000f7d00000,0x00000000f7d00000,0x00000000f8e00000)
 ParOldGen       total 349696K, used 349694K [0x00000000e0000000, 0x00000000f5580000, 0x00000000f5580000)
  object space 349696K, 99% used [0x00000000e0000000,0x00000000f557f948,0x00000000f5580000)
 Metaspace       used 60726K, committed 61760K, reserved 1105920K
  class space    used 6016K, committed 6464K, reserved 1048576K
GC Heap History (20 events):
Event: 1311.035 GC heap before
{Heap before GC invocations=906 (full 789):
 PSYoungGen      total 53248K, used 40448K [0x00000000f5580000, 0x00000000fa000000, 0x0000000100000000)
  eden space 40448K, 100% used [0x00000000f5580000,0x00000000f7d00000,0x00000000f7d00000)
  from space 12800K, 0% used [0x00000000f8e00000,0x00000000f8e00000,0x00000000f9a80000)
  to   space 17408K, 0% used [0x00000000f7d00000,0x00000000f7d00000,0x00000000f8e00000)
 ParOldGen       total 349696K, used 349695K [0x00000000e0000000, 0x00000000f5580000, 0x00000000f5580000)
  object space 349696K, 99% used [0x00000000e0000000,0x00000000f557fd80,0x00000000f5580000)
 Metaspace       used 60726K, committed 61760K, reserved 1105920K
  class space    used 6016K, committed 6464K, reserved 1048576K
}
Event: 1312.504 GC heap after
{Heap after GC invocations=906 (full 789):
 PSYoungGen      total 57856K, used 40447K [0x00000000f5580000, 0x00000000fa000000, 0x0000000100000000)
  eden space 40448K, 99% used [0x00000000f5580000,0x00000000f7cfffe0,0x00000000f7d00000)
  from space 17408K, 0% used [0x00000000f7d00000,0x00000000f7d00000,0x00000000f8e00000)
  to   space 12800K, 0% used [0x00000000f8e00000,0x00000000f8e00000,0x00000000f9a80000)
 ParOldGen       total 349696K, used 349695K [0x00000000e0000000, 0x00000000f5580000, 0x00000000f5580000)
  object space 349696K, 99% used [0x00000000e0000000,0x00000000f557fd80,0x00000000f5580000)
 Metaspace       used 60726K, committed 61760K, reserved 1105920K
  class space    used 6016K, committed 6464K, reserved 1048576K
}
Event: 1312.504 GC heap before
{Heap before GC invocations=907 (full 790):
 PSYoungGen      total 57856K, used 40447K [0x00000000f5580000, 0x00000000fa000000, 0x0000000100000000)
  eden space 40448K, 99% used [0x00000000f5580000,0x00000000f7cfffe0,0x00000000f7d00000)
  from space 17408K, 0% used [0x00000000f7d00000,0x00000000f7d00000,0x00000000f8e00000)
  to   space 12800K, 0% used [0x00000000f8e00000,0x00000000f8e00000,0x00000000f9a80000)
 ParOldGen       total 349696K, used 349695K [0x00000000e0000000, 0x00000000f5580000, 0x00000000f5580000)
  object space 349696K, 99% used [0x00000000e0000000,0x00000000f557fd80,0x00000000f5580000)
 Metaspace       used 60726K, committed 61760K, reserved 1105920K
  class space    used 6016K, committed 6464K, reserved 1048576K
}
Event: 1314.164 GC heap after
{Heap after GC invocations=907 (full 790):
 PSYoungGen      total 53248K, used 40447K [0x00000000f5580000, 0x00000000fa000000, 0x0000000100000000)
  eden space 40448K, 99% used [0x00000000f5580000,0x00000000f7cfffe0,0x00000000f7d00000)
  from space 12800K, 0% used [0x00000000f8e00000,0x00000000f8e00000,0x00000000f9a80000)
  to   space 17408K, 0% used [0x00000000f7d00000,0x00000000f7d00000,0x00000000f8e00000)
 ParOldGen       total 349696K, used 349695K [0x00000000e0000000, 0x00000000f5580000, 0x00000000f5580000)
  object space 349696K, 99% used [0x00000000e0000000,0x00000000f557fd80,0x00000000f5580000)
 Metaspace       used 60726K, committed 61760K, reserved 1105920K
  class space    used 6016K, committed 6464K, reserved 1048576K
}
Event: 1314.164 GC heap before
{Heap before GC invocations=908 (full 791):
 PSYoungGen      total 53248K, used 40448K [0x00000000f5580000, 0x00000000fa000000, 0x0000000100000000)
  eden space 40448K, 100% used [0x00000000f5580000,0x00000000f7d00000,0x00000000f7d00000)
  from space 12800K, 0% used [0x00000000f8e00000,0x00000000f8e00000,0x00000000f9a80000)
  to   space 17408K, 0% used [0x00000000f7d00000,0x00000000f7d00000,0x00000000f8e00000)
 ParOldGen       total 349696K, used 349695K [0x00000000e0000000, 0x00000000f5580000, 0x00000000f5580000)
  object space 349696K, 99% used [0x00000000e0000000,0x00000000f557ffe0,0x00000000f5580000)
 Metaspace       used 60726K, committed 61760K, reserved 1105920K
  class space    used 6016K, committed 6464K, reserved 1048576K
}
Event: 1316.047 GC heap after
{Heap after GC invocations=908 (full 791):
 PSYoungGen      total 57856K, used 40447K [0x00000000f5580000, 0x00000000fa000000, 0x0000000100000000)
  eden space 40448K, 99% used [0x00000000f5580000,0x00000000f7cfffe0,0x00000000f7d00000)
  from space 17408K, 0% used [0x00000000f7d00000,0x00000000f7d00000,0x00000000f8e00000)
  to   space 12800K, 0% used [0x00000000f8e00000,0x00000000f8e00000,0x00000000f9a80000)
 ParOldGen       total 349696K, used 349694K [0x00000000e0000000, 0x00000000f5580000, 0x00000000f5580000)
  object space 349696K, 99% used [0x00000000e0000000,0x00000000f557f828,0x00000000f5580000)
 Metaspace       used 60726K, committed 61760K, reserved 1105920K
  class space    used 6016K, committed 6464K, reserved 1048576K
}
Event: 1316.048 GC heap before
{Heap before GC invocations=909 (full 792):
 PSYoungGen      total 57856K, used 40448K [0x00000000f5580000, 0x00000000fa000000, 0x0000000100000000)
  eden space 40448K, 100% used [0x00000000f5580000,0x00000000f7d00000,0x00000000f7d00000)
  from space 17408K, 0% used [0x00000000f7d00000,0x00000000f7d00000,0x00000000f8e00000)
  to   space 12800K, 0% used [0x00000000f8e00000,0x00000000f8e00000,0x00000000f9a80000)
 ParOldGen       total 349696K, used 349695K [0x00000000e0000000, 0x00000000f5580000, 0x00000000f5580000)
  object space 349696K, 99% used [0x00000000e0000000,0x00000000f557ffb0,0x00000000f5580000)
 Metaspace       used 60726K, committed 61760K, reserved 1105920K
  class space    used 6016K, committed 6464K, reserved 1048576K
}
Event: 1317.613 GC heap after
{Heap after GC invocations=909 (full 792):
 PSYoungGen      total 53248K, used 40447K [0x00000000f5580000, 0x00000000fa000000, 0x0000000100000000)
  eden space 40448K, 99% used [0x00000000f5580000,0x00000000f7cfff98,0x00000000f7d00000)
  from space 12800K, 0% used [0x00000000f8e00000,0x00000000f8e00000,0x00000000f9a80000)
  to   space 17408K, 0% used [0x00000000f7d00000,0x00000000f7d00000,0x00000000f8e00000)
 ParOldGen       total 349696K, used 349694K [0x00000000e0000000, 0x00000000f5580000, 0x00000000f5580000)
  object space 349696K, 99% used [0x00000000e0000000,0x00000000f557f848,0x00000000f5580000)
 Metaspace       used 60726K, committed 61760K, reserved 1105920K
  class space    used 6016K, committed 6464K, reserved 1048576K
}
Event: 1317.613 GC heap before
{Heap before GC invocations=910 (full 793):
 PSYoungGen      total 53248K, used 40448K [0x00000000f5580000, 0x00000000fa000000, 0x0000000100000000)
  eden space 40448K, 100% used [0x00000000f5580000,0x00000000f7d00000,0x00000000f7d00000)
  from space 12800K, 0% used [0x00000000f8e00000,0x00000000f8e00000,0x00000000f9a80000)
  to   space 17408K, 0% used [0x00000000f7d00000,0x00000000f7d00000,0x00000000f8e00000)
 ParOldGen       total 349696K, used 349694K [0x00000000e0000000, 0x00000000f5580000, 0x00000000f5580000)
  object space 349696K, 99% used [0x00000000e0000000,0x00000000f557f848,0x00000000f5580000)
 Metaspace       used 60726K, committed 61760K, reserved 1105920K
  class space    used 6016K, committed 6464K, reserved 1048576K
}
Event: 1319.157 GC heap after
{Heap after GC invocations=910 (full 793):
 PSYoungGen      total 57856K, used 40448K [0x00000000f5580000, 0x00000000fa000000, 0x0000000100000000)
  eden space 40448K, 100% used [0x00000000f5580000,0x00000000f7d00000,0x00000000f7d00000)
  from space 17408K, 0% used [0x00000000f7d00000,0x00000000f7d00000,0x00000000f8e00000)
  to   space 12800K, 0% used [0x00000000f8e00000,0x00000000f8e00000,0x00000000f9a80000)
 ParOldGen       total 349696K, used 349694K [0x00000000e0000000, 0x00000000f5580000, 0x00000000f5580000)
  object space 349696K, 99% used [0x00000000e0000000,0x00000000f557f818,0x00000000f5580000)
 Metaspace       used 60726K, committed 61760K, reserved 1105920K
  class space    used 6016K, committed 6464K, reserved 1048576K
}
Event: 1319.167 GC heap before
{Heap before GC invocations=911 (full 794):
 PSYoungGen      total 57856K, used 40448K [0x00000000f5580000, 0x00000000fa000000, 0x0000000100000000)
  eden space 40448K, 100% used [0x00000000f5580000,0x00000000f7d00000,0x00000000f7d00000)
  from space 17408K, 0% used [0x00000000f7d00000,0x00000000f7d00000,0x00000000f8e00000)
  to   space 12800K, 0% used [0x00000000f8e00000,0x00000000f8e00000,0x00000000f9a80000)
 ParOldGen       total 349696K, used 349695K [0x00000000e0000000, 0x00000000f5580000, 0x00000000f5580000)
  object space 349696K, 99% used [0x00000000e0000000,0x00000000f557fff8,0x00000000f5580000)
 Metaspace       used 60726K, committed 61760K, reserved 1105920K
  class space    used 6016K, committed 6464K, reserved 1048576K
}
Event: 1320.771 GC heap after
{Heap after GC invocations=911 (full 794):
 PSYoungGen      total 53248K, used 40448K [0x00000000f5580000, 0x00000000fa000000, 0x0000000100000000)
  eden space 40448K, 100% used [0x00000000f5580000,0x00000000f7d00000,0x00000000f7d00000)
  from space 12800K, 0% used [0x00000000f8e00000,0x00000000f8e00000,0x00000000f9a80000)
  to   space 17408K, 0% used [0x00000000f7d00000,0x00000000f7d00000,0x00000000f8e00000)
 ParOldGen       total 349696K, used 349695K [0x00000000e0000000, 0x00000000f5580000, 0x00000000f5580000)
  object space 349696K, 99% used [0x00000000e0000000,0x00000000f557fdb8,0x00000000f5580000)
 Metaspace       used 60726K, committed 61760K, reserved 1105920K
  class space    used 6016K, committed 6464K, reserved 1048576K
}
Event: 1320.772 GC heap before
{Heap before GC invocations=912 (full 795):
 PSYoungGen      total 53248K, used 40448K [0x00000000f5580000, 0x00000000fa000000, 0x0000000100000000)
  eden space 40448K, 100% used [0x00000000f5580000,0x00000000f7d00000,0x00000000f7d00000)
  from space 12800K, 0% used [0x00000000f8e00000,0x00000000f8e00000,0x00000000f9a80000)
  to   space 17408K, 0% used [0x00000000f7d00000,0x00000000f7d00000,0x00000000f8e00000)
 ParOldGen       total 349696K, used 349695K [0x00000000e0000000, 0x00000000f5580000, 0x00000000f5580000)
  object space 349696K, 99% used [0x00000000e0000000,0x00000000f557ffe8,0x00000000f5580000)
 Metaspace       used 60726K, committed 61760K, reserved 1105920K
  class space    used 6016K, committed 6464K, reserved 1048576K
}
Event: 1322.271 GC heap after
{Heap after GC invocations=912 (full 795):
 PSYoungGen      total 57856K, used 40448K [0x00000000f5580000, 0x00000000fa000000, 0x0000000100000000)
  eden space 40448K, 100% used [0x00000000f5580000,0x00000000f7d00000,0x00000000f7d00000)
  from space 17408K, 0% used [0x00000000f7d00000,0x00000000f7d00000,0x00000000f8e00000)
  to   space 12800K, 0% used [0x00000000f8e00000,0x00000000f8e00000,0x00000000f9a80000)
 ParOldGen       total 349696K, used 349692K [0x00000000e0000000, 0x00000000f5580000, 0x00000000f5580000)
  object space 349696K, 99% used [0x00000000e0000000,0x00000000f557f360,0x00000000f5580000)
 Metaspace       used 60726K, committed 61760K, reserved 1105920K
  class space    used 6016K, committed 6464K, reserved 1048576K
}
Event: 1322.274 GC heap before
{Heap before GC invocations=913 (full 796):
 PSYoungGen      total 57856K, used 40448K [0x00000000f5580000, 0x00000000fa000000, 0x0000000100000000)
  eden space 40448K, 100% used [0x00000000f5580000,0x00000000f7d00000,0x00000000f7d00000)
  from space 17408K, 0% used [0x00000000f7d00000,0x00000000f7d00000,0x00000000f8e00000)
  to   space 12800K, 0% used [0x00000000f8e00000,0x00000000f8e00000,0x00000000f9a80000)
 ParOldGen       total 349696K, used 349693K [0x00000000e0000000, 0x00000000f5580000, 0x00000000f5580000)
  object space 349696K, 99% used [0x00000000e0000000,0x00000000f557f510,0x00000000f5580000)
 Metaspace       used 60726K, committed 61760K, reserved 1105920K
  class space    used 6016K, committed 6464K, reserved 1048576K
}
Event: 1323.849 GC heap after
{Heap after GC invocations=913 (full 796):
 PSYoungGen      total 53248K, used 40448K [0x00000000f5580000, 0x00000000fa000000, 0x0000000100000000)
  eden space 40448K, 100% used [0x00000000f5580000,0x00000000f7d00000,0x00000000f7d00000)
  from space 12800K, 0% used [0x00000000f8e00000,0x00000000f8e00000,0x00000000f9a80000)
  to   space 17408K, 0% used [0x00000000f7d00000,0x00000000f7d00000,0x00000000f8e00000)
 ParOldGen       total 349696K, used 349693K [0x00000000e0000000, 0x00000000f5580000, 0x00000000f5580000)
  object space 349696K, 99% used [0x00000000e0000000,0x00000000f557f4e0,0x00000000f5580000)
 Metaspace       used 60726K, committed 61760K, reserved 1105920K
  class space    used 6016K, committed 6464K, reserved 1048576K
}
Event: 1323.850 GC heap before
{Heap before GC invocations=914 (full 797):
 PSYoungGen      total 53248K, used 40448K [0x00000000f5580000, 0x00000000fa000000, 0x0000000100000000)
  eden space 40448K, 100% used [0x00000000f5580000,0x00000000f7d00000,0x00000000f7d00000)
  from space 12800K, 0% used [0x00000000f8e00000,0x00000000f8e00000,0x00000000f9a80000)
  to   space 17408K, 0% used [0x00000000f7d00000,0x00000000f7d00000,0x00000000f8e00000)
 ParOldGen       total 349696K, used 349695K [0x00000000e0000000, 0x00000000f5580000, 0x00000000f5580000)
  object space 349696K, 99% used [0x00000000e0000000,0x00000000f557fd40,0x00000000f5580000)
 Metaspace       used 60726K, committed 61760K, reserved 1105920K
  class space    used 6016K, committed 6464K, reserved 1048576K
}
Event: 1325.858 GC heap after
{Heap after GC invocations=914 (full 797):
 PSYoungGen      total 57856K, used 40448K [0x00000000f5580000, 0x00000000fa000000, 0x0000000100000000)
  eden space 40448K, 100% used [0x00000000f5580000,0x00000000f7d00000,0x00000000f7d00000)
  from space 17408K, 0% used [0x00000000f7d00000,0x00000000f7d00000,0x00000000f8e00000)
  to   space 12800K, 0% used [0x00000000f8e00000,0x00000000f8e00000,0x00000000f9a80000)
 ParOldGen       total 349696K, used 349694K [0x00000000e0000000, 0x00000000f5580000, 0x00000000f5580000)
  object space 349696K, 99% used [0x00000000e0000000,0x00000000f557f840,0x00000000f5580000)
 Metaspace       used 60726K, committed 61760K, reserved 1105920K
  class space    used 6016K, committed 6464K, reserved 1048576K
}
Event: 1325.858 GC heap before
{Heap before GC invocations=915 (full 798):
 PSYoungGen      total 57856K, used 40448K [0x00000000f5580000, 0x00000000fa000000, 0x0000000100000000)
  eden space 40448K, 100% used [0x00000000f5580000,0x00000000f7d00000,0x00000000f7d00000)
  from space 17408K, 0% used [0x00000000f7d00000,0x00000000f7d00000,0x00000000f8e00000)
  to   space 12800K, 0% used [0x00000000f8e00000,0x00000000f8e00000,0x00000000f9a80000)
 ParOldGen       total 349696K, used 349694K [0x00000000e0000000, 0x00000000f5580000, 0x00000000f5580000)
  object space 349696K, 99% used [0x00000000e0000000,0x00000000f557f840,0x00000000f5580000)
 Metaspace       used 60726K, committed 61760K, reserved 1105920K
  class space    used 6016K, committed 6464K, reserved 1048576K
}
Event: 1327.351 GC heap after
{Heap after GC invocations=915 (full 798):
 PSYoungGen      total 53248K, used 40448K [0x00000000f5580000, 0x00000000fa000000, 0x0000000100000000)
  eden space 40448K, 100% used [0x00000000f5580000,0x00000000f7d00000,0x00000000f7d00000)
  from space 12800K, 0% used [0x00000000f8e00000,0x00000000f8e00000,0x00000000f9a80000)
  to   space 17408K, 0% used [0x00000000f7d00000,0x00000000f7d00000,0x00000000f8e00000)
 ParOldGen       total 349696K, used 349694K [0x00000000e0000000, 0x00000000f5580000, 0x00000000f5580000)
  object space 349696K, 99% used [0x00000000e0000000,0x00000000f557f840,0x00000000f5580000)
 Metaspace       used 60726K, committed 61760K, reserved 1105920K
  class space    used 6016K, committed 6464K, reserved 1048576K
}

