# JRE version: OpenJDK Runtime Environment GraalVM CE 22.3.0 (17.0.5+8) (build 17.0.5+8-jvmci-22.3-b08)
# Java VM: OpenJDK 64-Bit Server VM GraalVM CE 22.3.0 (17.0.5+8-jvmci-22.3-b08, mixed mode, sharing, tiered, jvmci, jvmci compiler, compressed oops, compressed class ptrs, parallel gc, linux-amd64)
GC Precious Log:
 CPUs: 8 total, 1 available
 Memory: 1024M
 Large Page Support: Disabled
 NUMA Support: Disabled
 Compressed Oops: Enabled (32-bit)
 Alignments: Space 512K, Generation 512K, Heap 2M
 Heap Min Capacity: 100M
 Heap Initial Capacity: 100M
 Heap Max Capacity: 512M
 Pre-touch: Disabled
 Parallel Workers: 1
Heap:
 PSYoungGen      total 38912K, used 28672K [0x00000000f5580000, 0x00000000f8780000, 0x0000000100000000)
  eden space 28672K, 100% used [0x00000000f5580000,0x00000000f7180000,0x00000000f7180000)
  from space 10240K, 0% used [0x00000000f7c00000,0x00000000f7c00000,0x00000000f8600000)
  to   space 10752K, 0% used [0x00000000f7180000,0x00000000f7180000,0x00000000f7c00000)
 ParOldGen       total 349696K, used 349695K [0x00000000e0000000, 0x00000000f5580000, 0x00000000f5580000)
  object space 349696K, 99% used [0x00000000e0000000,0x00000000f557fff8,0x00000000f5580000)
 Metaspace       used 61447K, committed 62400K, reserved 1105920K
  class space    used 6000K, committed 6400K, reserved 1048576K
GC Heap History (20 events):
Event: 617.122 GC heap before
{Heap before GC invocations=510 (full 413):
 PSYoungGen      total 38912K, used 28671K [0x00000000f5580000, 0x00000000f8780000, 0x0000000100000000)
  eden space 28672K, 99% used [0x00000000f5580000,0x00000000f717fff8,0x00000000f7180000)
  from space 10240K, 0% used [0x00000000f7c00000,0x00000000f7c00000,0x00000000f8600000)
  to   space 10752K, 0% used [0x00000000f7180000,0x00000000f7180000,0x00000000f7c00000)
 ParOldGen       total 349696K, used 349691K [0x00000000e0000000, 0x00000000f5580000, 0x00000000f5580000)
  object space 349696K, 99% used [0x00000000e0000000,0x00000000f557ed20,0x00000000f5580000)
 Metaspace       used 61447K, committed 62400K, reserved 1105920K
  class space    used 6000K, committed 6400K, reserved 1048576K
}
Event: 618.299 GC heap after
{Heap after GC invocations=510 (full 413):
 PSYoungGen      total 39424K, used 28669K [0x00000000f5580000, 0x00000000f8780000, 0x0000000100000000)
  eden space 28672K, 99% used [0x00000000f5580000,0x00000000f717f640,0x00000000f7180000)
  from space 10752K, 0% used [0x00000000f7180000,0x00000000f7180000,0x00000000f7c00000)
  to   space 10240K, 0% used [0x00000000f7c00000,0x00000000f7c00000,0x00000000f8600000)
 ParOldGen       total 349696K, used 349691K [0x00000000e0000000, 0x00000000f5580000, 0x00000000f5580000)
  object space 349696K, 99% used [0x00000000e0000000,0x00000000f557ed20,0x00000000f5580000)
 Metaspace       used 61447K, committed 62400K, reserved 1105920K
  class space    used 6000K, committed 6400K, reserved 1048576K
}
Event: 618.300 GC heap before
{Heap before GC invocations=511 (full 414):
 PSYoungGen      total 39424K, used 28671K [0x00000000f5580000, 0x00000000f8780000, 0x0000000100000000)
  eden space 28672K, 99% used [0x00000000f5580000,0x00000000f717fff0,0x00000000f7180000)
  from space 10752K, 0% used [0x00000000f7180000,0x00000000f7180000,0x00000000f7c00000)
  to   space 10240K, 0% used [0x00000000f7c00000,0x00000000f7c00000,0x00000000f8600000)
 ParOldGen       total 349696K, used 349691K [0x00000000e0000000, 0x00000000f5580000, 0x00000000f5580000)
  object space 349696K, 99% used [0x00000000e0000000,0x00000000f557ed20,0x00000000f5580000)
 Metaspace       used 61447K, committed 62400K, reserved 1105920K
  class space    used 6000K, committed 6400K, reserved 1048576K
}
Event: 619.512 GC heap after
{Heap after GC invocations=511 (full 414):
 PSYoungGen      total 38912K, used 28671K [0x00000000f5580000, 0x00000000f8780000, 0x0000000100000000)
  eden space 28672K, 99% used [0x00000000f5580000,0x00000000f717fd80,0x00000000f7180000)
  from space 10240K, 0% used [0x00000000f7c00000,0x00000000f7c00000,0x00000000f8600000)
  to   space 10752K, 0% used [0x00000000f7180000,0x00000000f7180000,0x00000000f7c00000)
 ParOldGen       total 349696K, used 349691K [0x00000000e0000000, 0x00000000f5580000, 0x00000000f5580000)
  object space 349696K, 99% used [0x00000000e0000000,0x00000000f557ed20,0x00000000f5580000)
 Metaspace       used 61447K, committed 62400K, reserved 1105920K
  class space    used 6000K, committed 6400K, reserved 1048576K
}
Event: 619.512 GC heap before
{Heap before GC invocations=512 (full 415):
 PSYoungGen      total 38912K, used 28672K [0x00000000f5580000, 0x00000000f8780000, 0x0000000100000000)
  eden space 28672K, 100% used [0x00000000f5580000,0x00000000f7180000,0x00000000f7180000)
  from space 10240K, 0% used [0x00000000f7c00000,0x00000000f7c00000,0x00000000f8600000)
  to   space 10752K, 0% used [0x00000000f7180000,0x00000000f7180000,0x00000000f7c00000)
 ParOldGen       total 349696K, used 349691K [0x00000000e0000000, 0x00000000f5580000, 0x00000000f5580000)
  object space 349696K, 99% used [0x00000000e0000000,0x00000000f557ed20,0x00000000f5580000)
 Metaspace       used 61447K, committed 62400K, reserved 1105920K
  class space    used 6000K, committed 6400K, reserved 1048576K
}
Event: 620.830 GC heap after
{Heap after GC invocations=512 (full 415):
 PSYoungGen      total 39424K, used 28671K [0x00000000f5580000, 0x00000000f8780000, 0x0000000100000000)
  eden space 28672K, 99% used [0x00000000f5580000,0x00000000f717feb8,0x00000000f7180000)
  from space 10752K, 0% used [0x00000000f7180000,0x00000000f7180000,0x00000000f7c00000)
  to   space 10240K, 0% used [0x00000000f7c00000,0x00000000f7c00000,0x00000000f8600000)
 ParOldGen       total 349696K, used 349691K [0x00000000e0000000, 0x00000000f5580000, 0x00000000f5580000)
  object space 349696K, 99% used [0x00000000e0000000,0x00000000f557ed00,0x00000000f5580000)
 Metaspace       used 61447K, committed 62400K, reserved 1105920K
  class space    used 6000K, committed 6400K, reserved 1048576K
}
Event: 620.830 GC heap before
{Heap before GC invocations=513 (full 416):
 PSYoungGen      total 39424K, used 28672K [0x00000000f5580000, 0x00000000f8780000, 0x0000000100000000)
  eden space 28672K, 100% used [0x00000000f5580000,0x00000000f7180000,0x00000000f7180000)
  from space 10752K, 0% used [0x00000000f7180000,0x00000000f7180000,0x00000000f7c00000)
  to   space 10240K, 0% used [0x00000000f7c00000,0x00000000f7c00000,0x00000000f8600000)
 ParOldGen       total 349696K, used 349691K [0x00000000e0000000, 0x00000000f5580000, 0x00000000f5580000)
  object space 349696K, 99% used [0x00000000e0000000,0x00000000f557ed00,0x00000000f5580000)
 Metaspace       used 61447K, committed 62400K, reserved 1105920K
  class space    used 6000K, committed 6400K, reserved 1048576K
}
Event: 622.003 GC heap after
{Heap after GC invocations=513 (full 416):
 PSYoungGen      total 38912K, used 28671K [0x00000000f5580000, 0x00000000f8780000, 0x0000000100000000)
  eden space 28672K, 99% used [0x00000000f5580000,0x00000000f717ff90,0x00000000f7180000)
  from space 10240K, 0% used [0x00000000f7c00000,0x00000000f7c00000,0x00000000f8600000)
  to   space 10752K, 0% used [0x00000000f7180000,0x00000000f7180000,0x00000000f7c00000)
 ParOldGen       total 349696K, used 349691K [0x00000000e0000000, 0x00000000f5580000, 0x00000000f5580000)
  object space 349696K, 99% used [0x00000000e0000000,0x00000000f557ed00,0x00000000f5580000)
 Metaspace       used 61447K, committed 62400K, reserved 1105920K
  class space    used 6000K, committed 6400K, reserved 1048576K
}
Event: 622.013 GC heap before
{Heap before GC invocations=514 (full 417):
 PSYoungGen      total 38912K, used 28672K [0x00000000f5580000, 0x00000000f8780000, 0x0000000100000000)
  eden space 28672K, 100% used [0x00000000f5580000,0x00000000f7180000,0x00000000f7180000)
  from space 10240K, 0% used [0x00000000f7c00000,0x00000000f7c00000,0x00000000f8600000)
  to   space 10752K, 0% used [0x00000000f7180000,0x00000000f7180000,0x00000000f7c00000)
 ParOldGen       total 349696K, used 349694K [0x00000000e0000000, 0x00000000f5580000, 0x00000000f5580000)
  object space 349696K, 99% used [0x00000000e0000000,0x00000000f557f8a8,0x00000000f5580000)
 Metaspace       used 61447K, committed 62400K, reserved 1105920K
  class space    used 6000K, committed 6400K, reserved 1048576K
}
Event: 623.391 GC heap after
{Heap after GC invocations=514 (full 417):
 PSYoungGen      total 39424K, used 28671K [0x00000000f5580000, 0x00000000f8780000, 0x0000000100000000)
  eden space 28672K, 99% used [0x00000000f5580000,0x00000000f717fe30,0x00000000f7180000)
  from space 10752K, 0% used [0x00000000f7180000,0x00000000f7180000,0x00000000f7c00000)
  to   space 10240K, 0% used [0x00000000f7c00000,0x00000000f7c00000,0x00000000f8600000)
 ParOldGen       total 349696K, used 349692K [0x00000000e0000000, 0x00000000f5580000, 0x00000000f5580000)
  object space 349696K, 99% used [0x00000000e0000000,0x00000000f557f250,0x00000000f5580000)
 Metaspace       used 61447K, committed 62400K, reserved 1105920K
  class space    used 6000K, committed 6400K, reserved 1048576K
}
Event: 623.392 GC heap before
{Heap before GC invocations=515 (full 418):
 PSYoungGen      total 39424K, used 28671K [0x00000000f5580000, 0x00000000f8780000, 0x0000000100000000)
  eden space 28672K, 99% used [0x00000000f5580000,0x00000000f717ffe8,0x00000000f7180000)
  from space 10752K, 0% used [0x00000000f7180000,0x00000000f7180000,0x00000000f7c00000)
  to   space 10240K, 0% used [0x00000000f7c00000,0x00000000f7c00000,0x00000000f8600000)
 ParOldGen       total 349696K, used 349692K [0x00000000e0000000, 0x00000000f5580000, 0x00000000f5580000)
  object space 349696K, 99% used [0x00000000e0000000,0x00000000f557f250,0x00000000f5580000)
 Metaspace       used 61447K, committed 62400K, reserved 1105920K
  class space    used 6000K, committed 6400K, reserved 1048576K
}
Event: 624.524 GC heap after
{Heap after GC invocations=515 (full 418):
 PSYoungGen      total 38912K, used 28671K [0x00000000f5580000, 0x00000000f8780000, 0x0000000100000000)
  eden space 28672K, 99% used [0x00000000f5580000,0x00000000f717ffe8,0x00000000f7180000)
  from space 10240K, 0% used [0x00000000f7c00000,0x00000000f7c00000,0x00000000f8600000)
  to   space 10752K, 0% used [0x00000000f7180000,0x00000000f7180000,0x00000000f7c00000)
 ParOldGen       total 349696K, used 349692K [0x00000000e0000000, 0x00000000f5580000, 0x00000000f5580000)
  object space 349696K, 99% used [0x00000000e0000000,0x00000000f557f250,0x00000000f5580000)
 Metaspace       used 61447K, committed 62400K, reserved 1105920K
  class space    used 6000K, committed 6400K, reserved 1048576K
}
Event: 624.525 GC heap before
{Heap before GC invocations=516 (full 419):
 PSYoungGen      total 38912K, used 28672K [0x00000000f5580000, 0x00000000f8780000, 0x0000000100000000)
  eden space 28672K, 100% used [0x00000000f5580000,0x00000000f7180000,0x00000000f7180000)
  from space 10240K, 0% used [0x00000000f7c00000,0x00000000f7c00000,0x00000000f8600000)
  to   space 10752K, 0% used [0x00000000f7180000,0x00000000f7180000,0x00000000f7c00000)
 ParOldGen       total 349696K, used 349696K [0x00000000e0000000, 0x00000000f5580000, 0x00000000f5580000)
  object space 349696K, 100% used [0x00000000e0000000,0x00000000f5580000,0x00000000f5580000)
 Metaspace       used 61447K, committed 62400K, reserved 1105920K
  class space    used 6000K, committed 6400K, reserved 1048576K
}
Event: 625.784 GC heap after
{Heap after GC invocations=516 (full 419):
 PSYoungGen      total 39424K, used 28671K [0x00000000f5580000, 0x00000000f8780000, 0x0000000100000000)
  eden space 28672K, 99% used [0x00000000f5580000,0x00000000f717ffe8,0x00000000f7180000)
  from space 10752K, 0% used [0x00000000f7180000,0x00000000f7180000,0x00000000f7c00000)
  to   space 10240K, 0% used [0x00000000f7c00000,0x00000000f7c00000,0x00000000f8600000)
 ParOldGen       total 349696K, used 349693K [0x00000000e0000000, 0x00000000f5580000, 0x00000000f5580000)
  object space 349696K, 99% used [0x00000000e0000000,0x00000000f557f7d0,0x00000000f5580000)
 Metaspace       used 61447K, committed 62400K, reserved 1105920K
  class space    used 6000K, committed 6400K, reserved 1048576K
}
Event: 625.785 GC heap before
{Heap before GC invocations=517 (full 420):
 PSYoungGen      total 39424K, used 28672K [0x00000000f5580000, 0x00000000f8780000, 0x0000000100000000)
  eden space 28672K, 100% used [0x00000000f5580000,0x00000000f7180000,0x00000000f7180000)
  from space 10752K, 0% used [0x00000000f7180000,0x00000000f7180000,0x00000000f7c00000)
  to   space 10240K, 0% used [0x00000000f7c00000,0x00000000f7c00000,0x00000000f8600000)
 ParOldGen       total 349696K, used 349693K [0x00000000e0000000, 0x00000000f5580000, 0x00000000f5580000)
  object space 349696K, 99% used [0x00000000e0000000,0x00000000f557f7d0,0x00000000f5580000)
 Metaspace       used 61447K, committed 62400K, reserved 1105920K
  class space    used 6000K, committed 6400K, reserved 1048576K
}
Event: 626.899 GC heap after
{Heap after GC invocations=517 (full 420):
 PSYoungGen      total 38912K, used 28672K [0x00000000f5580000, 0x00000000f8780000, 0x0000000100000000)
  eden space 28672K, 100% used [0x00000000f5580000,0x00000000f7180000,0x00000000f7180000)
  from space 10240K, 0% used [0x00000000f7c00000,0x00000000f7c00000,0x00000000f8600000)
  to   space 10752K, 0% used [0x00000000f7180000,0x00000000f7180000,0x00000000f7c00000)
 ParOldGen       total 349696K, used 349693K [0x00000000e0000000, 0x00000000f5580000, 0x00000000f5580000)
  object space 349696K, 99% used [0x00000000e0000000,0x00000000f557f7d0,0x00000000f5580000)
 Metaspace       used 61447K, committed 62400K, reserved 1105920K
  class space    used 6000K, committed 6400K, reserved 1048576K
}
Event: 626.899 GC heap before
{Heap before GC invocations=518 (full 421):
 PSYoungGen      total 38912K, used 28672K [0x00000000f5580000, 0x00000000f8780000, 0x0000000100000000)
  eden space 28672K, 100% used [0x00000000f5580000,0x00000000f7180000,0x00000000f7180000)
  from space 10240K, 0% used [0x00000000f7c00000,0x00000000f7c00000,0x00000000f8600000)
  to   space 10752K, 0% used [0x00000000f7180000,0x00000000f7180000,0x00000000f7c00000)
 ParOldGen       total 349696K, used 349694K [0x00000000e0000000, 0x00000000f5580000, 0x00000000f5580000)
  object space 349696K, 99% used [0x00000000e0000000,0x00000000f557f858,0x00000000f5580000)
 Metaspace       used 61447K, committed 62400K, reserved 1105920K
  class space    used 6000K, committed 6400K, reserved 1048576K
}
Event: 628.033 GC heap after
{Heap after GC invocations=518 (full 421):
 PSYoungGen      total 39424K, used 28672K [0x00000000f5580000, 0x00000000f8780000, 0x0000000100000000)
  eden space 28672K, 100% used [0x00000000f5580000,0x00000000f7180000,0x00000000f7180000)
  from space 10752K, 0% used [0x00000000f7180000,0x00000000f7180000,0x00000000f7c00000)
  to   space 10240K, 0% used [0x00000000f7c00000,0x00000000f7c00000,0x00000000f8600000)
 ParOldGen       total 349696K, used 349694K [0x00000000e0000000, 0x00000000f5580000, 0x00000000f5580000)
  object space 349696K, 99% used [0x00000000e0000000,0x00000000f557f808,0x00000000f5580000)
 Metaspace       used 61447K, committed 62400K, reserved 1105920K
  class space    used 6000K, committed 6400K, reserved 1048576K
}
Event: 628.033 GC heap before
{Heap before GC invocations=519 (full 422):
 PSYoungGen      total 39424K, used 28672K [0x00000000f5580000, 0x00000000f8780000, 0x0000000100000000)
  eden space 28672K, 100% used [0x00000000f5580000,0x00000000f7180000,0x00000000f7180000)
  from space 10752K, 0% used [0x00000000f7180000,0x00000000f7180000,0x00000000f7c00000)
  to   space 10240K, 0% used [0x00000000f7c00000,0x00000000f7c00000,0x00000000f8600000)
 ParOldGen       total 349696K, used 349694K [0x00000000e0000000, 0x00000000f5580000, 0x00000000f5580000)
  object space 349696K, 99% used [0x00000000e0000000,0x00000000f557f808,0x00000000f5580000)
 Metaspace       used 61447K, committed 62400K, reserved 1105920K
  class space    used 6000K, committed 6400K, reserved 1048576K
}
Event: 629.304 GC heap after
{Heap after GC invocations=519 (full 422):
 PSYoungGen      total 38912K, used 28672K [0x00000000f5580000, 0x00000000f8780000, 0x0000000100000000)
  eden space 28672K, 100% used [0x00000000f5580000,0x00000000f7180000,0x00000000f7180000)
  from space 10240K, 0% used [0x00000000f7c00000,0x00000000f7c00000,0x00000000f8600000)
  to   space 10752K, 0% used [0x00000000f7180000,0x00000000f7180000,0x00000000f7c00000)
 ParOldGen       total 349696K, used 349694K [0x00000000e0000000, 0x00000000f5580000, 0x00000000f5580000)
  object space 349696K, 99% used [0x00000000e0000000,0x00000000f557f808,0x00000000f5580000)
 Metaspace       used 61447K, committed 62400K, reserved 1105920K
  class space    used 6000K, committed 6400K, reserved 1048576K
}

