# JRE version: OpenJDK Runtime Environment GraalVM CE 22.3.0 (17.0.5+8) (build 17.0.5+8-jvmci-22.3-b08)
# Java VM: OpenJDK 64-Bit Server VM GraalVM CE 22.3.0 (17.0.5+8-jvmci-22.3-b08, mixed mode, sharing, tiered, jvmci, jvmci compiler, compressed oops, compressed class ptrs, parallel gc, linux-amd64)
GC Precious Log:
 CPUs: 8 total, 1 available
 Memory: 1024M
 Large Page Support: Disabled
 NUMA Support: Disabled
 Compressed Oops: Enabled (32-bit)
 Alignments: Space 512K, Generation 512K, Heap 2M
 Heap Min Capacity: 100M
 Heap Initial Capacity: 100M
 Heap Max Capacity: 512M
 Pre-touch: Disabled
 Parallel Workers: 1
Heap:
 PSYoungGen      total 28672K, used 20479K [0x00000000f5580000, 0x00000000f8180000, 0x0000000100000000)
  eden space 20480K, 99% used [0x00000000f5580000,0x00000000f697fff0,0x00000000f6980000)
  from space 8192K, 0% used [0x00000000f6980000,0x00000000f6980000,0x00000000f7180000)
  to   space 10752K, 0% used [0x00000000f7700000,0x00000000f7700000,0x00000000f8180000)
 ParOldGen       total 349696K, used 349695K [0x00000000e0000000, 0x00000000f5580000, 0x00000000f5580000)
  object space 349696K, 99% used [0x00000000e0000000,0x00000000f557fff0,0x00000000f5580000)
 Metaspace       used 56479K, committed 57344K, reserved 1105920K
  class space    used 5350K, committed 5760K, reserved 1048576K
GC Heap History (20 events):
Event: 1534.470 GC heap before
{Heap before GC invocations=1279 (full 1167):
 PSYoungGen      total 28672K, used 20479K [0x00000000f5580000, 0x00000000f8180000, 0x0000000100000000)
  eden space 20480K, 99% used [0x00000000f5580000,0x00000000f697fff8,0x00000000f6980000)
  from space 8192K, 0% used [0x00000000f6980000,0x00000000f6980000,0x00000000f7180000)
  to   space 10752K, 0% used [0x00000000f7700000,0x00000000f7700000,0x00000000f8180000)
 ParOldGen       total 349696K, used 349695K [0x00000000e0000000, 0x00000000f5580000, 0x00000000f5580000)
  object space 349696K, 99% used [0x00000000e0000000,0x00000000f557fff8,0x00000000f5580000)
 Metaspace       used 56479K, committed 57344K, reserved 1105920K
  class space    used 5350K, committed 5760K, reserved 1048576K
}
Event: 1535.650 GC heap after
{Heap after GC invocations=1279 (full 1167):
 PSYoungGen      total 31232K, used 20479K [0x00000000f5580000, 0x00000000f8180000, 0x0000000100000000)
  eden space 20480K, 99% used [0x00000000f5580000,0x00000000f697ff98,0x00000000f6980000)
  from space 10752K, 0% used [0x00000000f7700000,0x00000000f7700000,0x00000000f8180000)
  to   space 8192K, 0% used [0x00000000f6980000,0x00000000f6980000,0x00000000f7180000)
 ParOldGen       total 349696K, used 349695K [0x00000000e0000000, 0x00000000f5580000, 0x00000000f5580000)
  object space 349696K, 99% used [0x00000000e0000000,0x00000000f557fc88,0x00000000f5580000)
 Metaspace       used 56479K, committed 57344K, reserved 1105920K
  class space    used 5350K, committed 5760K, reserved 1048576K
}
Event: 1535.651 GC heap before
{Heap before GC invocations=1280 (full 1168):
 PSYoungGen      total 31232K, used 20479K [0x00000000f5580000, 0x00000000f8180000, 0x0000000100000000)
  eden space 20480K, 99% used [0x00000000f5580000,0x00000000f697ffe8,0x00000000f6980000)
  from space 10752K, 0% used [0x00000000f7700000,0x00000000f7700000,0x00000000f8180000)
  to   space 8192K, 0% used [0x00000000f6980000,0x00000000f6980000,0x00000000f7180000)
 ParOldGen       total 349696K, used 349695K [0x00000000e0000000, 0x00000000f5580000, 0x00000000f5580000)
  object space 349696K, 99% used [0x00000000e0000000,0x00000000f557fc88,0x00000000f5580000)
 Metaspace       used 56479K, committed 57344K, reserved 1105920K
  class space    used 5350K, committed 5760K, reserved 1048576K
}
Event: 1536.959 GC heap after
{Heap after GC invocations=1280 (full 1168):
 PSYoungGen      total 28672K, used 20479K [0x00000000f5580000, 0x00000000f8180000, 0x0000000100000000)
  eden space 20480K, 99% used [0x00000000f5580000,0x00000000f697ffb0,0x00000000f6980000)
  from space 8192K, 0% used [0x00000000f6980000,0x00000000f6980000,0x00000000f7180000)
  to   space 10752K, 0% used [0x00000000f7700000,0x00000000f7700000,0x00000000f8180000)
 ParOldGen       total 349696K, used 349695K [0x00000000e0000000, 0x00000000f5580000, 0x00000000f5580000)
  object space 349696K, 99% used [0x00000000e0000000,0x00000000f557fc88,0x00000000f5580000)
 Metaspace       used 56479K, committed 57344K, reserved 1105920K
  class space    used 5350K, committed 5760K, reserved 1048576K
}
Event: 1536.960 GC heap before
{Heap before GC invocations=1281 (full 1169):
 PSYoungGen      total 28672K, used 20479K [0x00000000f5580000, 0x00000000f8180000, 0x0000000100000000)
  eden space 20480K, 99% used [0x00000000f5580000,0x00000000f697fff0,0x00000000f6980000)
  from space 8192K, 0% used [0x00000000f6980000,0x00000000f6980000,0x00000000f7180000)
  to   space 10752K, 0% used [0x00000000f7700000,0x00000000f7700000,0x00000000f8180000)
 ParOldGen       total 349696K, used 349695K [0x00000000e0000000, 0x00000000f5580000, 0x00000000f5580000)
  object space 349696K, 99% used [0x00000000e0000000,0x00000000f557fc88,0x00000000f5580000)
 Metaspace       used 56479K, committed 57344K, reserved 1105920K
  class space    used 5350K, committed 5760K, reserved 1048576K
}
Event: 1538.233 GC heap after
{Heap after GC invocations=1281 (full 1169):
 PSYoungGen      total 31232K, used 20479K [0x00000000f5580000, 0x00000000f8180000, 0x0000000100000000)
  eden space 20480K, 99% used [0x00000000f5580000,0x00000000f697ffd8,0x00000000f6980000)
  from space 10752K, 0% used [0x00000000f7700000,0x00000000f7700000,0x00000000f8180000)
  to   space 8192K, 0% used [0x00000000f6980000,0x00000000f6980000,0x00000000f7180000)
 ParOldGen       total 349696K, used 349695K [0x00000000e0000000, 0x00000000f5580000, 0x00000000f5580000)
  object space 349696K, 99% used [0x00000000e0000000,0x00000000f557fc40,0x00000000f5580000)
 Metaspace       used 56479K, committed 57344K, reserved 1105920K
  class space    used 5350K, committed 5760K, reserved 1048576K
}
Event: 1538.233 GC heap before
{Heap before GC invocations=1282 (full 1170):
 PSYoungGen      total 31232K, used 20479K [0x00000000f5580000, 0x00000000f8180000, 0x0000000100000000)
  eden space 20480K, 99% used [0x00000000f5580000,0x00000000f697fff0,0x00000000f6980000)
  from space 10752K, 0% used [0x00000000f7700000,0x00000000f7700000,0x00000000f8180000)
  to   space 8192K, 0% used [0x00000000f6980000,0x00000000f6980000,0x00000000f7180000)
 ParOldGen       total 349696K, used 349695K [0x00000000e0000000, 0x00000000f5580000, 0x00000000f5580000)
  object space 349696K, 99% used [0x00000000e0000000,0x00000000f557fc40,0x00000000f5580000)
 Metaspace       used 56479K, committed 57344K, reserved 1105920K
  class space    used 5350K, committed 5760K, reserved 1048576K
}
Event: 1539.390 GC heap after
{Heap after GC invocations=1282 (full 1170):
 PSYoungGen      total 28672K, used 20479K [0x00000000f5580000, 0x00000000f8180000, 0x0000000100000000)
  eden space 20480K, 99% used [0x00000000f5580000,0x00000000f697ff98,0x00000000f6980000)
  from space 8192K, 0% used [0x00000000f6980000,0x00000000f6980000,0x00000000f7180000)
  to   space 10752K, 0% used [0x00000000f7700000,0x00000000f7700000,0x00000000f8180000)
 ParOldGen       total 349696K, used 349695K [0x00000000e0000000, 0x00000000f5580000, 0x00000000f5580000)
  object space 349696K, 99% used [0x00000000e0000000,0x00000000f557fc40,0x00000000f5580000)
 Metaspace       used 56479K, committed 57344K, reserved 1105920K
  class space    used 5350K, committed 5760K, reserved 1048576K
}
Event: 1539.395 GC heap before
{Heap before GC invocations=1283 (full 1171):
 PSYoungGen      total 28672K, used 20479K [0x00000000f5580000, 0x00000000f8180000, 0x0000000100000000)
  eden space 20480K, 99% used [0x00000000f5580000,0x00000000f697fff8,0x00000000f6980000)
  from space 8192K, 0% used [0x00000000f6980000,0x00000000f6980000,0x00000000f7180000)
  to   space 10752K, 0% used [0x00000000f7700000,0x00000000f7700000,0x00000000f8180000)
 ParOldGen       total 349696K, used 349695K [0x00000000e0000000, 0x00000000f5580000, 0x00000000f5580000)
  object space 349696K, 99% used [0x00000000e0000000,0x00000000f557fc40,0x00000000f5580000)
 Metaspace       used 56479K, committed 57344K, reserved 1105920K
  class space    used 5350K, committed 5760K, reserved 1048576K
}
Event: 1540.573 GC heap after
{Heap after GC invocations=1283 (full 1171):
 PSYoungGen      total 31232K, used 20479K [0x00000000f5580000, 0x00000000f8180000, 0x0000000100000000)
  eden space 20480K, 99% used [0x00000000f5580000,0x00000000f697fff8,0x00000000f6980000)
  from space 10752K, 0% used [0x00000000f7700000,0x00000000f7700000,0x00000000f8180000)
  to   space 8192K, 0% used [0x00000000f6980000,0x00000000f6980000,0x00000000f7180000)
 ParOldGen       total 349696K, used 349695K [0x00000000e0000000, 0x00000000f5580000, 0x00000000f5580000)
  object space 349696K, 99% used [0x00000000e0000000,0x00000000f557fc40,0x00000000f5580000)
 Metaspace       used 56479K, committed 57344K, reserved 1105920K
  class space    used 5350K, committed 5760K, reserved 1048576K
}
Event: 1540.574 GC heap before
{Heap before GC invocations=1284 (full 1172):
 PSYoungGen      total 31232K, used 20479K [0x00000000f5580000, 0x00000000f8180000, 0x0000000100000000)
  eden space 20480K, 99% used [0x00000000f5580000,0x00000000f697fff8,0x00000000f6980000)
  from space 10752K, 0% used [0x00000000f7700000,0x00000000f7700000,0x00000000f8180000)
  to   space 8192K, 0% used [0x00000000f6980000,0x00000000f6980000,0x00000000f7180000)
 ParOldGen       total 349696K, used 349695K [0x00000000e0000000, 0x00000000f5580000, 0x00000000f5580000)
  object space 349696K, 99% used [0x00000000e0000000,0x00000000f557fff8,0x00000000f5580000)
 Metaspace       used 56479K, committed 57344K, reserved 1105920K
  class space    used 5350K, committed 5760K, reserved 1048576K
}
Event: 1541.780 GC heap after
{Heap after GC invocations=1284 (full 1172):
 PSYoungGen      total 28672K, used 20479K [0x00000000f5580000, 0x00000000f8180000, 0x0000000100000000)
  eden space 20480K, 99% used [0x00000000f5580000,0x00000000f697ff98,0x00000000f6980000)
  from space 8192K, 0% used [0x00000000f6980000,0x00000000f6980000,0x00000000f7180000)
  to   space 10752K, 0% used [0x00000000f7700000,0x00000000f7700000,0x00000000f8180000)
 ParOldGen       total 349696K, used 349695K [0x00000000e0000000, 0x00000000f5580000, 0x00000000f5580000)
  object space 349696K, 99% used [0x00000000e0000000,0x00000000f557fca0,0x00000000f5580000)
 Metaspace       used 56479K, committed 57344K, reserved 1105920K
  class space    used 5350K, committed 5760K, reserved 1048576K
}
Event: 1541.781 GC heap before
{Heap before GC invocations=1285 (full 1173):
 PSYoungGen      total 28672K, used 20479K [0x00000000f5580000, 0x00000000f8180000, 0x0000000100000000)
  eden space 20480K, 99% used [0x00000000f5580000,0x00000000f697fff0,0x00000000f6980000)
  from space 8192K, 0% used [0x00000000f6980000,0x00000000f6980000,0x00000000f7180000)
  to   space 10752K, 0% used [0x00000000f7700000,0x00000000f7700000,0x00000000f8180000)
 ParOldGen       total 349696K, used 349695K [0x00000000e0000000, 0x00000000f5580000, 0x00000000f5580000)
  object space 349696K, 99% used [0x00000000e0000000,0x00000000f557fca0,0x00000000f5580000)
 Metaspace       used 56479K, committed 57344K, reserved 1105920K
  class space    used 5350K, committed 5760K, reserved 1048576K
}
Event: 1543.054 GC heap after
{Heap after GC invocations=1285 (full 1173):
 PSYoungGen      total 31232K, used 20479K [0x00000000f5580000, 0x00000000f8180000, 0x0000000100000000)
  eden space 20480K, 99% used [0x00000000f5580000,0x00000000f697ff98,0x00000000f6980000)
  from space 10752K, 0% used [0x00000000f7700000,0x00000000f7700000,0x00000000f8180000)
  to   space 8192K, 0% used [0x00000000f6980000,0x00000000f6980000,0x00000000f7180000)
 ParOldGen       total 349696K, used 349695K [0x00000000e0000000, 0x00000000f5580000, 0x00000000f5580000)
  object space 349696K, 99% used [0x00000000e0000000,0x00000000f557fc40,0x00000000f5580000)
 Metaspace       used 56479K, committed 57344K, reserved 1105920K
  class space    used 5350K, committed 5760K, reserved 1048576K
}
Event: 1543.055 GC heap before
{Heap before GC invocations=1286 (full 1174):
 PSYoungGen      total 31232K, used 20479K [0x00000000f5580000, 0x00000000f8180000, 0x0000000100000000)
  eden space 20480K, 99% used [0x00000000f5580000,0x00000000f697fff8,0x00000000f6980000)
  from space 10752K, 0% used [0x00000000f7700000,0x00000000f7700000,0x00000000f8180000)
  to   space 8192K, 0% used [0x00000000f6980000,0x00000000f6980000,0x00000000f7180000)
 ParOldGen       total 349696K, used 349695K [0x00000000e0000000, 0x00000000f5580000, 0x00000000f5580000)
  object space 349696K, 99% used [0x00000000e0000000,0x00000000f557fc40,0x00000000f5580000)
 Metaspace       used 56479K, committed 57344K, reserved 1105920K
  class space    used 5350K, committed 5760K, reserved 1048576K
}
Event: 1544.164 GC heap after
{Heap after GC invocations=1286 (full 1174):
 PSYoungGen      total 28672K, used 20479K [0x00000000f5580000, 0x00000000f8180000, 0x0000000100000000)
  eden space 20480K, 99% used [0x00000000f5580000,0x00000000f697fff8,0x00000000f6980000)
  from space 8192K, 0% used [0x00000000f6980000,0x00000000f6980000,0x00000000f7180000)
  to   space 10752K, 0% used [0x00000000f7700000,0x00000000f7700000,0x00000000f8180000)
 ParOldGen       total 349696K, used 349695K [0x00000000e0000000, 0x00000000f5580000, 0x00000000f5580000)
  object space 349696K, 99% used [0x00000000e0000000,0x00000000f557fc40,0x00000000f5580000)
 Metaspace       used 56479K, committed 57344K, reserved 1105920K
  class space    used 5350K, committed 5760K, reserved 1048576K
}
Event: 1544.164 GC heap before
{Heap before GC invocations=1287 (full 1175):
 PSYoungGen      total 28672K, used 20479K [0x00000000f5580000, 0x00000000f8180000, 0x0000000100000000)
  eden space 20480K, 99% used [0x00000000f5580000,0x00000000f697fff8,0x00000000f6980000)
  from space 8192K, 0% used [0x00000000f6980000,0x00000000f6980000,0x00000000f7180000)
  to   space 10752K, 0% used [0x00000000f7700000,0x00000000f7700000,0x00000000f8180000)
 ParOldGen       total 349696K, used 349695K [0x00000000e0000000, 0x00000000f5580000, 0x00000000f5580000)
  object space 349696K, 99% used [0x00000000e0000000,0x00000000f557fff0,0x00000000f5580000)
 Metaspace       used 56479K, committed 57344K, reserved 1105920K
  class space    used 5350K, committed 5760K, reserved 1048576K
}
Event: 1545.306 GC heap after
{Heap after GC invocations=1287 (full 1175):
 PSYoungGen      total 31232K, used 20479K [0x00000000f5580000, 0x00000000f8180000, 0x0000000100000000)
  eden space 20480K, 99% used [0x00000000f5580000,0x00000000f697ffb0,0x00000000f6980000)
  from space 10752K, 0% used [0x00000000f7700000,0x00000000f7700000,0x00000000f8180000)
  to   space 8192K, 0% used [0x00000000f6980000,0x00000000f6980000,0x00000000f7180000)
 ParOldGen       total 349696K, used 349695K [0x00000000e0000000, 0x00000000f5580000, 0x00000000f5580000)
  object space 349696K, 99% used [0x00000000e0000000,0x00000000f557fee8,0x00000000f5580000)
 Metaspace       used 56479K, committed 57344K, reserved 1105920K
  class space    used 5350K, committed 5760K, reserved 1048576K
}
Event: 1545.306 GC heap before
{Heap before GC invocations=1288 (full 1176):
 PSYoungGen      total 31232K, used 20479K [0x00000000f5580000, 0x00000000f8180000, 0x0000000100000000)
  eden space 20480K, 99% used [0x00000000f5580000,0x00000000f697ffb0,0x00000000f6980000)
  from space 10752K, 0% used [0x00000000f7700000,0x00000000f7700000,0x00000000f8180000)
  to   space 8192K, 0% used [0x00000000f6980000,0x00000000f6980000,0x00000000f7180000)
 ParOldGen       total 349696K, used 349695K [0x00000000e0000000, 0x00000000f5580000, 0x00000000f5580000)
  object space 349696K, 99% used [0x00000000e0000000,0x00000000f557fee8,0x00000000f5580000)
 Metaspace       used 56479K, committed 57344K, reserved 1105920K
  class space    used 5350K, committed 5760K, reserved 1048576K
}
Event: 1546.566 GC heap after
{Heap after GC invocations=1288 (full 1176):
 PSYoungGen      total 28672K, used 20479K [0x00000000f5580000, 0x00000000f8180000, 0x0000000100000000)
  eden space 20480K, 99% used [0x00000000f5580000,0x00000000f697ffb0,0x00000000f6980000)
  from space 8192K, 0% used [0x00000000f6980000,0x00000000f6980000,0x00000000f7180000)
  to   space 10752K, 0% used [0x00000000f7700000,0x00000000f7700000,0x00000000f8180000)
 ParOldGen       total 349696K, used 349695K [0x00000000e0000000, 0x00000000f5580000, 0x00000000f5580000)
  object space 349696K, 99% used [0x00000000e0000000,0x00000000f557fee8,0x00000000f5580000)
 Metaspace       used 56479K, committed 57344K, reserved 1105920K
  class space    used 5350K, committed 5760K, reserved 1048576K
}

