# JRE version: OpenJDK Runtime Environment GraalVM CE 22.3.0 (17.0.5+8) (build 17.0.5+8-jvmci-22.3-b08)
# Java VM: OpenJDK 64-Bit Server VM GraalVM CE 22.3.0 (17.0.5+8-jvmci-22.3-b08, mixed mode, sharing, tiered, jvmci, jvmci compiler, compressed oops, compressed class ptrs, parallel gc, linux-amd64)
GC Precious Log:
 CPUs: 8 total, 1 available
 Memory: 1024M
 Large Page Support: Disabled
 NUMA Support: Disabled
 Compressed Oops: Enabled (32-bit)
 Alignments: Space 512K, Generation 512K, Heap 2M
 Heap Min Capacity: 100M
 Heap Initial Capacity: 100M
 Heap Max Capacity: 512M
 Pre-touch: Disabled
 Parallel Workers: 1
Heap:
 PSYoungGen      total 41472K, used 29696K [0x00000000f5580000, 0x00000000f8b00000, 0x0000000100000000)
  eden space 29696K, 100% used [0x00000000f5580000,0x00000000f7280000,0x00000000f7280000)
  from space 11776K, 0% used [0x00000000f7280000,0x00000000f7280000,0x00000000f7e00000)
  to   space 11776K, 0% used [0x00000000f7f80000,0x00000000f7f80000,0x00000000f8b00000)
 ParOldGen       total 349696K, used 349696K [0x00000000e0000000, 0x00000000f5580000, 0x00000000f5580000)
  object space 349696K, 100% used [0x00000000e0000000,0x00000000f5580000,0x00000000f5580000)
 Metaspace       used 61567K, committed 62464K, reserved 1105920K
  class space    used 5952K, committed 6272K, reserved 1048576K
GC Heap History (20 events):
Event: 1388.467 GC heap before
{Heap before GC invocations=918 (full 822):
 PSYoungGen      total 41472K, used 29695K [0x00000000f5580000, 0x00000000f8b00000, 0x0000000100000000)
  eden space 29696K, 99% used [0x00000000f5580000,0x00000000f727fff0,0x00000000f7280000)
  from space 11776K, 0% used [0x00000000f7280000,0x00000000f7280000,0x00000000f7e00000)
  to   space 11776K, 0% used [0x00000000f7f80000,0x00000000f7f80000,0x00000000f8b00000)
 ParOldGen       total 349696K, used 349696K [0x00000000e0000000, 0x00000000f5580000, 0x00000000f5580000)
  object space 349696K, 100% used [0x00000000e0000000,0x00000000f5580000,0x00000000f5580000)
 Metaspace       used 61565K, committed 62464K, reserved 1105920K
  class space    used 5951K, committed 6272K, reserved 1048576K
}
Event: 1390.556 GC heap after
{Heap after GC invocations=918 (full 822):
 PSYoungGen      total 41472K, used 29695K [0x00000000f5580000, 0x00000000f8b00000, 0x0000000100000000)
  eden space 29696K, 99% used [0x00000000f5580000,0x00000000f727fff0,0x00000000f7280000)
  from space 11776K, 0% used [0x00000000f7f80000,0x00000000f7f80000,0x00000000f8b00000)
  to   space 11776K, 0% used [0x00000000f7280000,0x00000000f7280000,0x00000000f7e00000)
 ParOldGen       total 349696K, used 349696K [0x00000000e0000000, 0x00000000f5580000, 0x00000000f5580000)
  object space 349696K, 100% used [0x00000000e0000000,0x00000000f5580000,0x00000000f5580000)
 Metaspace       used 61565K, committed 62464K, reserved 1105920K
  class space    used 5951K, committed 6272K, reserved 1048576K
}
Event: 1390.556 GC heap before
{Heap before GC invocations=919 (full 823):
 PSYoungGen      total 41472K, used 29695K [0x00000000f5580000, 0x00000000f8b00000, 0x0000000100000000)
  eden space 29696K, 99% used [0x00000000f5580000,0x00000000f727fff0,0x00000000f7280000)
  from space 11776K, 0% used [0x00000000f7f80000,0x00000000f7f80000,0x00000000f8b00000)
  to   space 11776K, 0% used [0x00000000f7280000,0x00000000f7280000,0x00000000f7e00000)
 ParOldGen       total 349696K, used 349696K [0x00000000e0000000, 0x00000000f5580000, 0x00000000f5580000)
  object space 349696K, 100% used [0x00000000e0000000,0x00000000f5580000,0x00000000f5580000)
 Metaspace       used 61565K, committed 62464K, reserved 1105920K
  class space    used 5951K, committed 6272K, reserved 1048576K
}
Event: 1392.314 GC heap after
{Heap after GC invocations=919 (full 823):
 PSYoungGen      total 41472K, used 29695K [0x00000000f5580000, 0x00000000f8b00000, 0x0000000100000000)
  eden space 29696K, 99% used [0x00000000f5580000,0x00000000f727fff0,0x00000000f7280000)
  from space 11776K, 0% used [0x00000000f7280000,0x00000000f7280000,0x00000000f7e00000)
  to   space 11776K, 0% used [0x00000000f7f80000,0x00000000f7f80000,0x00000000f8b00000)
 ParOldGen       total 349696K, used 349696K [0x00000000e0000000, 0x00000000f5580000, 0x00000000f5580000)
  object space 349696K, 100% used [0x00000000e0000000,0x00000000f5580000,0x00000000f5580000)
 Metaspace       used 61565K, committed 62464K, reserved 1105920K
  class space    used 5951K, committed 6272K, reserved 1048576K
}
Event: 1392.315 GC heap before
{Heap before GC invocations=920 (full 824):
 PSYoungGen      total 41472K, used 29695K [0x00000000f5580000, 0x00000000f8b00000, 0x0000000100000000)
  eden space 29696K, 99% used [0x00000000f5580000,0x00000000f727fff0,0x00000000f7280000)
  from space 11776K, 0% used [0x00000000f7280000,0x00000000f7280000,0x00000000f7e00000)
  to   space 11776K, 0% used [0x00000000f7f80000,0x00000000f7f80000,0x00000000f8b00000)
 ParOldGen       total 349696K, used 349696K [0x00000000e0000000, 0x00000000f5580000, 0x00000000f5580000)
  object space 349696K, 100% used [0x00000000e0000000,0x00000000f5580000,0x00000000f5580000)
 Metaspace       used 61565K, committed 62464K, reserved 1105920K
  class space    used 5951K, committed 6272K, reserved 1048576K
}
Event: 1393.952 GC heap after
{Heap after GC invocations=920 (full 824):
 PSYoungGen      total 41472K, used 29695K [0x00000000f5580000, 0x00000000f8b00000, 0x0000000100000000)
  eden space 29696K, 99% used [0x00000000f5580000,0x00000000f727fff0,0x00000000f7280000)
  from space 11776K, 0% used [0x00000000f7f80000,0x00000000f7f80000,0x00000000f8b00000)
  to   space 11776K, 0% used [0x00000000f7280000,0x00000000f7280000,0x00000000f7e00000)
 ParOldGen       total 349696K, used 349695K [0x00000000e0000000, 0x00000000f5580000, 0x00000000f5580000)
  object space 349696K, 99% used [0x00000000e0000000,0x00000000f557fef8,0x00000000f5580000)
 Metaspace       used 61565K, committed 62464K, reserved 1105920K
  class space    used 5951K, committed 6272K, reserved 1048576K
}
Event: 1393.954 GC heap before
{Heap before GC invocations=921 (full 825):
 PSYoungGen      total 41472K, used 29695K [0x00000000f5580000, 0x00000000f8b00000, 0x0000000100000000)
  eden space 29696K, 99% used [0x00000000f5580000,0x00000000f727fff0,0x00000000f7280000)
  from space 11776K, 0% used [0x00000000f7f80000,0x00000000f7f80000,0x00000000f8b00000)
  to   space 11776K, 0% used [0x00000000f7280000,0x00000000f7280000,0x00000000f7e00000)
 ParOldGen       total 349696K, used 349695K [0x00000000e0000000, 0x00000000f5580000, 0x00000000f5580000)
  object space 349696K, 99% used [0x00000000e0000000,0x00000000f557fff0,0x00000000f5580000)
 Metaspace       used 61565K, committed 62464K, reserved 1105920K
  class space    used 5951K, committed 6272K, reserved 1048576K
}
Event: 1395.850 GC heap after
{Heap after GC invocations=921 (full 825):
 PSYoungGen      total 41472K, used 29695K [0x00000000f5580000, 0x00000000f8b00000, 0x0000000100000000)
  eden space 29696K, 99% used [0x00000000f5580000,0x00000000f727fff0,0x00000000f7280000)
  from space 11776K, 0% used [0x00000000f7280000,0x00000000f7280000,0x00000000f7e00000)
  to   space 11776K, 0% used [0x00000000f7f80000,0x00000000f7f80000,0x00000000f8b00000)
 ParOldGen       total 349696K, used 349695K [0x00000000e0000000, 0x00000000f5580000, 0x00000000f5580000)
  object space 349696K, 99% used [0x00000000e0000000,0x00000000f557ffb8,0x00000000f5580000)
 Metaspace       used 61565K, committed 62464K, reserved 1105920K
  class space    used 5951K, committed 6272K, reserved 1048576K
}
Event: 1395.872 GC heap before
{Heap before GC invocations=922 (full 826):
 PSYoungGen      total 41472K, used 29695K [0x00000000f5580000, 0x00000000f8b00000, 0x0000000100000000)
  eden space 29696K, 99% used [0x00000000f5580000,0x00000000f727fff0,0x00000000f7280000)
  from space 11776K, 0% used [0x00000000f7280000,0x00000000f7280000,0x00000000f7e00000)
  to   space 11776K, 0% used [0x00000000f7f80000,0x00000000f7f80000,0x00000000f8b00000)
 ParOldGen       total 349696K, used 349695K [0x00000000e0000000, 0x00000000f5580000, 0x00000000f5580000)
  object space 349696K, 99% used [0x00000000e0000000,0x00000000f557fff0,0x00000000f5580000)
 Metaspace       used 61565K, committed 62464K, reserved 1105920K
  class space    used 5951K, committed 6272K, reserved 1048576K
}
Event: 1397.461 GC heap after
{Heap after GC invocations=922 (full 826):
 PSYoungGen      total 41472K, used 29695K [0x00000000f5580000, 0x00000000f8b00000, 0x0000000100000000)
  eden space 29696K, 99% used [0x00000000f5580000,0x00000000f727fff0,0x00000000f7280000)
  from space 11776K, 0% used [0x00000000f7f80000,0x00000000f7f80000,0x00000000f8b00000)
  to   space 11776K, 0% used [0x00000000f7280000,0x00000000f7280000,0x00000000f7e00000)
 ParOldGen       total 349696K, used 349695K [0x00000000e0000000, 0x00000000f5580000, 0x00000000f5580000)
  object space 349696K, 99% used [0x00000000e0000000,0x00000000f557fff0,0x00000000f5580000)
 Metaspace       used 61565K, committed 62464K, reserved 1105920K
  class space    used 5951K, committed 6272K, reserved 1048576K
}
Event: 1397.461 GC heap before
{Heap before GC invocations=923 (full 827):
 PSYoungGen      total 41472K, used 29695K [0x00000000f5580000, 0x00000000f8b00000, 0x0000000100000000)
  eden space 29696K, 99% used [0x00000000f5580000,0x00000000f727fff0,0x00000000f7280000)
  from space 11776K, 0% used [0x00000000f7f80000,0x00000000f7f80000,0x00000000f8b00000)
  to   space 11776K, 0% used [0x00000000f7280000,0x00000000f7280000,0x00000000f7e00000)
 ParOldGen       total 349696K, used 349695K [0x00000000e0000000, 0x00000000f5580000, 0x00000000f5580000)
  object space 349696K, 99% used [0x00000000e0000000,0x00000000f557fff0,0x00000000f5580000)
 Metaspace       used 61565K, committed 62464K, reserved 1105920K
  class space    used 5951K, committed 6272K, reserved 1048576K
}
Event: 1398.841 GC heap after
{Heap after GC invocations=923 (full 827):
 PSYoungGen      total 41472K, used 29695K [0x00000000f5580000, 0x00000000f8b00000, 0x0000000100000000)
  eden space 29696K, 99% used [0x00000000f5580000,0x00000000f727fff0,0x00000000f7280000)
  from space 11776K, 0% used [0x00000000f7280000,0x00000000f7280000,0x00000000f7e00000)
  to   space 11776K, 0% used [0x00000000f7f80000,0x00000000f7f80000,0x00000000f8b00000)
 ParOldGen       total 349696K, used 349695K [0x00000000e0000000, 0x00000000f5580000, 0x00000000f5580000)
  object space 349696K, 99% used [0x00000000e0000000,0x00000000f557fff0,0x00000000f5580000)
 Metaspace       used 61565K, committed 62464K, reserved 1105920K
  class space    used 5951K, committed 6272K, reserved 1048576K
}
Event: 1398.844 GC heap before
{Heap before GC invocations=924 (full 828):
 PSYoungGen      total 41472K, used 29695K [0x00000000f5580000, 0x00000000f8b00000, 0x0000000100000000)
  eden space 29696K, 99% used [0x00000000f5580000,0x00000000f727fff0,0x00000000f7280000)
  from space 11776K, 0% used [0x00000000f7280000,0x00000000f7280000,0x00000000f7e00000)
  to   space 11776K, 0% used [0x00000000f7f80000,0x00000000f7f80000,0x00000000f8b00000)
 ParOldGen       total 349696K, used 349695K [0x00000000e0000000, 0x00000000f5580000, 0x00000000f5580000)
  object space 349696K, 99% used [0x00000000e0000000,0x00000000f557fff0,0x00000000f5580000)
 Metaspace       used 61567K, committed 62464K, reserved 1105920K
  class space    used 5952K, committed 6272K, reserved 1048576K
}
Event: 1400.176 GC heap after
{Heap after GC invocations=924 (full 828):
 PSYoungGen      total 41472K, used 29695K [0x00000000f5580000, 0x00000000f8b00000, 0x0000000100000000)
  eden space 29696K, 99% used [0x00000000f5580000,0x00000000f727fdb0,0x00000000f7280000)
  from space 11776K, 0% used [0x00000000f7f80000,0x00000000f7f80000,0x00000000f8b00000)
  to   space 11776K, 0% used [0x00000000f7280000,0x00000000f7280000,0x00000000f7e00000)
 ParOldGen       total 349696K, used 349695K [0x00000000e0000000, 0x00000000f5580000, 0x00000000f5580000)
  object space 349696K, 99% used [0x00000000e0000000,0x00000000f557fc88,0x00000000f5580000)
 Metaspace       used 61567K, committed 62464K, reserved 1105920K
  class space    used 5952K, committed 6272K, reserved 1048576K
}
Event: 1400.177 GC heap before
{Heap before GC invocations=925 (full 829):
 PSYoungGen      total 41472K, used 29695K [0x00000000f5580000, 0x00000000f8b00000, 0x0000000100000000)
  eden space 29696K, 99% used [0x00000000f5580000,0x00000000f727fff8,0x00000000f7280000)
  from space 11776K, 0% used [0x00000000f7f80000,0x00000000f7f80000,0x00000000f8b00000)
  to   space 11776K, 0% used [0x00000000f7280000,0x00000000f7280000,0x00000000f7e00000)
 ParOldGen       total 349696K, used 349695K [0x00000000e0000000, 0x00000000f5580000, 0x00000000f5580000)
  object space 349696K, 99% used [0x00000000e0000000,0x00000000f557fc88,0x00000000f5580000)
 Metaspace       used 61567K, committed 62464K, reserved 1105920K
  class space    used 5952K, committed 6272K, reserved 1048576K
}
Event: 1401.950 GC heap after
{Heap after GC invocations=925 (full 829):
 PSYoungGen      total 41472K, used 29695K [0x00000000f5580000, 0x00000000f8b00000, 0x0000000100000000)
  eden space 29696K, 99% used [0x00000000f5580000,0x00000000f727fdd8,0x00000000f7280000)
  from space 11776K, 0% used [0x00000000f7280000,0x00000000f7280000,0x00000000f7e00000)
  to   space 11776K, 0% used [0x00000000f7f80000,0x00000000f7f80000,0x00000000f8b00000)
 ParOldGen       total 349696K, used 349695K [0x00000000e0000000, 0x00000000f5580000, 0x00000000f5580000)
  object space 349696K, 99% used [0x00000000e0000000,0x00000000f557fc88,0x00000000f5580000)
 Metaspace       used 61567K, committed 62464K, reserved 1105920K
  class space    used 5952K, committed 6272K, reserved 1048576K
}
Event: 1401.961 GC heap before
{Heap before GC invocations=926 (full 830):
 PSYoungGen      total 41472K, used 29695K [0x00000000f5580000, 0x00000000f8b00000, 0x0000000100000000)
  eden space 29696K, 99% used [0x00000000f5580000,0x00000000f727ff30,0x00000000f7280000)
  from space 11776K, 0% used [0x00000000f7280000,0x00000000f7280000,0x00000000f7e00000)
  to   space 11776K, 0% used [0x00000000f7f80000,0x00000000f7f80000,0x00000000f8b00000)
 ParOldGen       total 349696K, used 349695K [0x00000000e0000000, 0x00000000f5580000, 0x00000000f5580000)
  object space 349696K, 99% used [0x00000000e0000000,0x00000000f557fc88,0x00000000f5580000)
 Metaspace       used 61567K, committed 62464K, reserved 1105920K
  class space    used 5952K, committed 6272K, reserved 1048576K
}
Event: 1403.677 GC heap after
{Heap after GC invocations=926 (full 830):
 PSYoungGen      total 41472K, used 29695K [0x00000000f5580000, 0x00000000f8b00000, 0x0000000100000000)
  eden space 29696K, 99% used [0x00000000f5580000,0x00000000f727fdf0,0x00000000f7280000)
  from space 11776K, 0% used [0x00000000f7f80000,0x00000000f7f80000,0x00000000f8b00000)
  to   space 11776K, 0% used [0x00000000f7280000,0x00000000f7280000,0x00000000f7e00000)
 ParOldGen       total 349696K, used 349695K [0x00000000e0000000, 0x00000000f5580000, 0x00000000f5580000)
  object space 349696K, 99% used [0x00000000e0000000,0x00000000f557fc88,0x00000000f5580000)
 Metaspace       used 61567K, committed 62464K, reserved 1105920K
  class space    used 5952K, committed 6272K, reserved 1048576K
}
Event: 1403.677 GC heap before
{Heap before GC invocations=927 (full 831):
 PSYoungGen      total 41472K, used 29695K [0x00000000f5580000, 0x00000000f8b00000, 0x0000000100000000)
  eden space 29696K, 99% used [0x00000000f5580000,0x00000000f727fdf0,0x00000000f7280000)
  from space 11776K, 0% used [0x00000000f7f80000,0x00000000f7f80000,0x00000000f8b00000)
  to   space 11776K, 0% used [0x00000000f7280000,0x00000000f7280000,0x00000000f7e00000)
 ParOldGen       total 349696K, used 349695K [0x00000000e0000000, 0x00000000f5580000, 0x00000000f5580000)
  object space 349696K, 99% used [0x00000000e0000000,0x00000000f557fc88,0x00000000f5580000)
 Metaspace       used 61567K, committed 62464K, reserved 1105920K
  class space    used 5952K, committed 6272K, reserved 1048576K
}
Event: 1405.248 GC heap after
{Heap after GC invocations=927 (full 831):
 PSYoungGen      total 41472K, used 29695K [0x00000000f5580000, 0x00000000f8b00000, 0x0000000100000000)
  eden space 29696K, 99% used [0x00000000f5580000,0x00000000f727fdf0,0x00000000f7280000)
  from space 11776K, 0% used [0x00000000f7280000,0x00000000f7280000,0x00000000f7e00000)
  to   space 11776K, 0% used [0x00000000f7f80000,0x00000000f7f80000,0x00000000f8b00000)
 ParOldGen       total 349696K, used 349695K [0x00000000e0000000, 0x00000000f5580000, 0x00000000f5580000)
  object space 349696K, 99% used [0x00000000e0000000,0x00000000f557fc88,0x00000000f5580000)
 Metaspace       used 61567K, committed 62464K, reserved 1105920K
  class space    used 5952K, committed 6272K, reserved 1048576K
}

