# JRE version: OpenJDK Runtime Environment GraalVM CE 22.3.0 (17.0.5+8) (build 17.0.5+8-jvmci-22.3-b08)
# Java VM: OpenJDK 64-Bit Server VM GraalVM CE 22.3.0 (17.0.5+8-jvmci-22.3-b08, mixed mode, sharing, tiered, jvmci, jvmci compiler, compressed oops, compressed class ptrs, parallel gc, linux-amd64)
GC Precious Log:
 CPUs: 8 total, 1 available
 Memory: 1024M
 Large Page Support: Disabled
 NUMA Support: Disabled
 Compressed Oops: Enabled (32-bit)
 Alignments: Space 512K, Generation 512K, Heap 2M
 Heap Min Capacity: 100M
 Heap Initial Capacity: 100M
 Heap Max Capacity: 512M
 Pre-touch: Disabled
 Parallel Workers: 1
Heap:
 PSYoungGen      total 41472K, used 29184K [0x00000000f5580000, 0x00000000f8e00000, 0x0000000100000000)
  eden space 29184K, 100% used [0x00000000f5580000,0x00000000f7200000,0x00000000f7200000)
  from space 12288K, 0% used [0x00000000f8200000,0x00000000f8200000,0x00000000f8e00000)
  to   space 13312K, 0% used [0x00000000f7200000,0x00000000f7200000,0x00000000f7f00000)
 ParOldGen       total 349696K, used 349695K [0x00000000e0000000, 0x00000000f5580000, 0x00000000f5580000)
  object space 349696K, 99% used [0x00000000e0000000,0x00000000f557fff8,0x00000000f5580000)
 Metaspace       used 61237K, committed 62336K, reserved 1105920K
  class space    used 5996K, committed 6464K, reserved 1048576K
GC Heap History (20 events):
Event: 2350.106 GC heap before
{Heap before GC invocations=1651 (full 1553):
 PSYoungGen      total 41472K, used 29183K [0x00000000f5580000, 0x00000000f8e00000, 0x0000000100000000)
  eden space 29184K, 99% used [0x00000000f5580000,0x00000000f71fffe8,0x00000000f7200000)
  from space 12288K, 0% used [0x00000000f8200000,0x00000000f8200000,0x00000000f8e00000)
  to   space 13312K, 0% used [0x00000000f7200000,0x00000000f7200000,0x00000000f7f00000)
 ParOldGen       total 349696K, used 349693K [0x00000000e0000000, 0x00000000f5580000, 0x00000000f5580000)
  object space 349696K, 99% used [0x00000000e0000000,0x00000000f557f5d0,0x00000000f5580000)
 Metaspace       used 61237K, committed 62336K, reserved 1105920K
  class space    used 5996K, committed 6464K, reserved 1048576K
}
Event: 2351.726 GC heap after
{Heap after GC invocations=1651 (full 1553):
 PSYoungGen      total 42496K, used 29183K [0x00000000f5580000, 0x00000000f8e00000, 0x0000000100000000)
  eden space 29184K, 99% used [0x00000000f5580000,0x00000000f71fffe8,0x00000000f7200000)
  from space 13312K, 0% used [0x00000000f7200000,0x00000000f7200000,0x00000000f7f00000)
  to   space 12288K, 0% used [0x00000000f8200000,0x00000000f8200000,0x00000000f8e00000)
 ParOldGen       total 349696K, used 349693K [0x00000000e0000000, 0x00000000f5580000, 0x00000000f5580000)
  object space 349696K, 99% used [0x00000000e0000000,0x00000000f557f5b8,0x00000000f5580000)
 Metaspace       used 61237K, committed 62336K, reserved 1105920K
  class space    used 5996K, committed 6464K, reserved 1048576K
}
Event: 2351.727 GC heap before
{Heap before GC invocations=1652 (full 1554):
 PSYoungGen      total 42496K, used 29184K [0x00000000f5580000, 0x00000000f8e00000, 0x0000000100000000)
  eden space 29184K, 100% used [0x00000000f5580000,0x00000000f7200000,0x00000000f7200000)
  from space 13312K, 0% used [0x00000000f7200000,0x00000000f7200000,0x00000000f7f00000)
  to   space 12288K, 0% used [0x00000000f8200000,0x00000000f8200000,0x00000000f8e00000)
 ParOldGen       total 349696K, used 349695K [0x00000000e0000000, 0x00000000f5580000, 0x00000000f5580000)
  object space 349696K, 99% used [0x00000000e0000000,0x00000000f557fe08,0x00000000f5580000)
 Metaspace       used 61237K, committed 62336K, reserved 1105920K
  class space    used 5996K, committed 6464K, reserved 1048576K
}
Event: 2353.202 GC heap after
{Heap after GC invocations=1652 (full 1554):
 PSYoungGen      total 41472K, used 29184K [0x00000000f5580000, 0x00000000f8e00000, 0x0000000100000000)
  eden space 29184K, 100% used [0x00000000f5580000,0x00000000f7200000,0x00000000f7200000)
  from space 12288K, 0% used [0x00000000f8200000,0x00000000f8200000,0x00000000f8e00000)
  to   space 13312K, 0% used [0x00000000f7200000,0x00000000f7200000,0x00000000f7f00000)
 ParOldGen       total 349696K, used 349694K [0x00000000e0000000, 0x00000000f5580000, 0x00000000f5580000)
  object space 349696K, 99% used [0x00000000e0000000,0x00000000f557fbb0,0x00000000f5580000)
 Metaspace       used 61237K, committed 62336K, reserved 1105920K
  class space    used 5996K, committed 6464K, reserved 1048576K
}
Event: 2353.203 GC heap before
{Heap before GC invocations=1653 (full 1555):
 PSYoungGen      total 41472K, used 29184K [0x00000000f5580000, 0x00000000f8e00000, 0x0000000100000000)
  eden space 29184K, 100% used [0x00000000f5580000,0x00000000f7200000,0x00000000f7200000)
  from space 12288K, 0% used [0x00000000f8200000,0x00000000f8200000,0x00000000f8e00000)
  to   space 13312K, 0% used [0x00000000f7200000,0x00000000f7200000,0x00000000f7f00000)
 ParOldGen       total 349696K, used 349696K [0x00000000e0000000, 0x00000000f5580000, 0x00000000f5580000)
  object space 349696K, 100% used [0x00000000e0000000,0x00000000f5580000,0x00000000f5580000)
 Metaspace       used 61237K, committed 62336K, reserved 1105920K
  class space    used 5996K, committed 6464K, reserved 1048576K
}
Event: 2354.797 GC heap after
{Heap after GC invocations=1653 (full 1555):
 PSYoungGen      total 42496K, used 29183K [0x00000000f5580000, 0x00000000f8e00000, 0x0000000100000000)
  eden space 29184K, 99% used [0x00000000f5580000,0x00000000f71fffd0,0x00000000f7200000)
  from space 13312K, 0% used [0x00000000f7200000,0x00000000f7200000,0x00000000f7f00000)
  to   space 12288K, 0% used [0x00000000f8200000,0x00000000f8200000,0x00000000f8e00000)
 ParOldGen       total 349696K, used 349695K [0x00000000e0000000, 0x00000000f5580000, 0x00000000f5580000)
  object space 349696K, 99% used [0x00000000e0000000,0x00000000f557fec0,0x00000000f5580000)
 Metaspace       used 61237K, committed 62336K, reserved 1105920K
  class space    used 5996K, committed 6464K, reserved 1048576K
}
Event: 2354.799 GC heap before
{Heap before GC invocations=1654 (full 1556):
 PSYoungGen      total 42496K, used 29184K [0x00000000f5580000, 0x00000000f8e00000, 0x0000000100000000)
  eden space 29184K, 100% used [0x00000000f5580000,0x00000000f7200000,0x00000000f7200000)
  from space 13312K, 0% used [0x00000000f7200000,0x00000000f7200000,0x00000000f7f00000)
  to   space 12288K, 0% used [0x00000000f8200000,0x00000000f8200000,0x00000000f8e00000)
 ParOldGen       total 349696K, used 349695K [0x00000000e0000000, 0x00000000f5580000, 0x00000000f5580000)
  object space 349696K, 99% used [0x00000000e0000000,0x00000000f557fec0,0x00000000f5580000)
 Metaspace       used 61237K, committed 62336K, reserved 1105920K
  class space    used 5996K, committed 6464K, reserved 1048576K
}
Event: 2356.383 GC heap after
{Heap after GC invocations=1654 (full 1556):
 PSYoungGen      total 41472K, used 29184K [0x00000000f5580000, 0x00000000f8e00000, 0x0000000100000000)
  eden space 29184K, 100% used [0x00000000f5580000,0x00000000f7200000,0x00000000f7200000)
  from space 12288K, 0% used [0x00000000f8200000,0x00000000f8200000,0x00000000f8e00000)
  to   space 13312K, 0% used [0x00000000f7200000,0x00000000f7200000,0x00000000f7f00000)
 ParOldGen       total 349696K, used 349695K [0x00000000e0000000, 0x00000000f5580000, 0x00000000f5580000)
  object space 349696K, 99% used [0x00000000e0000000,0x00000000f557fea0,0x00000000f5580000)
 Metaspace       used 61237K, committed 62336K, reserved 1105920K
  class space    used 5996K, committed 6464K, reserved 1048576K
}
Event: 2356.384 GC heap before
{Heap before GC invocations=1655 (full 1557):
 PSYoungGen      total 41472K, used 29184K [0x00000000f5580000, 0x00000000f8e00000, 0x0000000100000000)
  eden space 29184K, 100% used [0x00000000f5580000,0x00000000f7200000,0x00000000f7200000)
  from space 12288K, 0% used [0x00000000f8200000,0x00000000f8200000,0x00000000f8e00000)
  to   space 13312K, 0% used [0x00000000f7200000,0x00000000f7200000,0x00000000f7f00000)
 ParOldGen       total 349696K, used 349695K [0x00000000e0000000, 0x00000000f5580000, 0x00000000f5580000)
  object space 349696K, 99% used [0x00000000e0000000,0x00000000f557fff8,0x00000000f5580000)
 Metaspace       used 61237K, committed 62336K, reserved 1105920K
  class space    used 5996K, committed 6464K, reserved 1048576K
}
Event: 2357.829 GC heap after
{Heap after GC invocations=1655 (full 1557):
 PSYoungGen      total 42496K, used 29183K [0x00000000f5580000, 0x00000000f8e00000, 0x0000000100000000)
  eden space 29184K, 99% used [0x00000000f5580000,0x00000000f71fffe8,0x00000000f7200000)
  from space 13312K, 0% used [0x00000000f7200000,0x00000000f7200000,0x00000000f7f00000)
  to   space 12288K, 0% used [0x00000000f8200000,0x00000000f8200000,0x00000000f8e00000)
 ParOldGen       total 349696K, used 349695K [0x00000000e0000000, 0x00000000f5580000, 0x00000000f5580000)
  object space 349696K, 99% used [0x00000000e0000000,0x00000000f557ffc8,0x00000000f5580000)
 Metaspace       used 61237K, committed 62336K, reserved 1105920K
  class space    used 5996K, committed 6464K, reserved 1048576K
}
Event: 2357.870 GC heap before
{Heap before GC invocations=1656 (full 1558):
 PSYoungGen      total 42496K, used 29184K [0x00000000f5580000, 0x00000000f8e00000, 0x0000000100000000)
  eden space 29184K, 100% used [0x00000000f5580000,0x00000000f7200000,0x00000000f7200000)
  from space 13312K, 0% used [0x00000000f7200000,0x00000000f7200000,0x00000000f7f00000)
  to   space 12288K, 0% used [0x00000000f8200000,0x00000000f8200000,0x00000000f8e00000)
 ParOldGen       total 349696K, used 349695K [0x00000000e0000000, 0x00000000f5580000, 0x00000000f5580000)
  object space 349696K, 99% used [0x00000000e0000000,0x00000000f557ffc8,0x00000000f5580000)
 Metaspace       used 61237K, committed 62336K, reserved 1105920K
  class space    used 5996K, committed 6464K, reserved 1048576K
}
Event: 2359.389 GC heap after
{Heap after GC invocations=1656 (full 1558):
 PSYoungGen      total 41472K, used 29184K [0x00000000f5580000, 0x00000000f8e00000, 0x0000000100000000)
  eden space 29184K, 100% used [0x00000000f5580000,0x00000000f7200000,0x00000000f7200000)
  from space 12288K, 0% used [0x00000000f8200000,0x00000000f8200000,0x00000000f8e00000)
  to   space 13312K, 0% used [0x00000000f7200000,0x00000000f7200000,0x00000000f7f00000)
 ParOldGen       total 349696K, used 349695K [0x00000000e0000000, 0x00000000f5580000, 0x00000000f5580000)
  object space 349696K, 99% used [0x00000000e0000000,0x00000000f557ffc8,0x00000000f5580000)
 Metaspace       used 61237K, committed 62336K, reserved 1105920K
  class space    used 5996K, committed 6464K, reserved 1048576K
}
Event: 2359.389 GC heap before
{Heap before GC invocations=1657 (full 1559):
 PSYoungGen      total 41472K, used 29184K [0x00000000f5580000, 0x00000000f8e00000, 0x0000000100000000)
  eden space 29184K, 100% used [0x00000000f5580000,0x00000000f7200000,0x00000000f7200000)
  from space 12288K, 0% used [0x00000000f8200000,0x00000000f8200000,0x00000000f8e00000)
  to   space 13312K, 0% used [0x00000000f7200000,0x00000000f7200000,0x00000000f7f00000)
 ParOldGen       total 349696K, used 349695K [0x00000000e0000000, 0x00000000f5580000, 0x00000000f5580000)
  object space 349696K, 99% used [0x00000000e0000000,0x00000000f557fff8,0x00000000f5580000)
 Metaspace       used 61237K, committed 62336K, reserved 1105920K
  class space    used 5996K, committed 6464K, reserved 1048576K
}
Event: 2360.680 GC heap after
{Heap after GC invocations=1657 (full 1559):
 PSYoungGen      total 42496K, used 29184K [0x00000000f5580000, 0x00000000f8e00000, 0x0000000100000000)
  eden space 29184K, 100% used [0x00000000f5580000,0x00000000f7200000,0x00000000f7200000)
  from space 13312K, 0% used [0x00000000f7200000,0x00000000f7200000,0x00000000f7f00000)
  to   space 12288K, 0% used [0x00000000f8200000,0x00000000f8200000,0x00000000f8e00000)
 ParOldGen       total 349696K, used 349695K [0x00000000e0000000, 0x00000000f5580000, 0x00000000f5580000)
  object space 349696K, 99% used [0x00000000e0000000,0x00000000f557fff8,0x00000000f5580000)
 Metaspace       used 61237K, committed 62336K, reserved 1105920K
  class space    used 5996K, committed 6464K, reserved 1048576K
}
Event: 2360.680 GC heap before
{Heap before GC invocations=1658 (full 1560):
 PSYoungGen      total 42496K, used 29184K [0x00000000f5580000, 0x00000000f8e00000, 0x0000000100000000)
  eden space 29184K, 100% used [0x00000000f5580000,0x00000000f7200000,0x00000000f7200000)
  from space 13312K, 0% used [0x00000000f7200000,0x00000000f7200000,0x00000000f7f00000)
  to   space 12288K, 0% used [0x00000000f8200000,0x00000000f8200000,0x00000000f8e00000)
 ParOldGen       total 349696K, used 349695K [0x00000000e0000000, 0x00000000f5580000, 0x00000000f5580000)
  object space 349696K, 99% used [0x00000000e0000000,0x00000000f557fff8,0x00000000f5580000)
 Metaspace       used 61237K, committed 62336K, reserved 1105920K
  class space    used 5996K, committed 6464K, reserved 1048576K
}
Event: 2362.084 GC heap after
{Heap after GC invocations=1658 (full 1560):
 PSYoungGen      total 41472K, used 29184K [0x00000000f5580000, 0x00000000f8e00000, 0x0000000100000000)
  eden space 29184K, 100% used [0x00000000f5580000,0x00000000f7200000,0x00000000f7200000)
  from space 12288K, 0% used [0x00000000f8200000,0x00000000f8200000,0x00000000f8e00000)
  to   space 13312K, 0% used [0x00000000f7200000,0x00000000f7200000,0x00000000f7f00000)
 ParOldGen       total 349696K, used 349695K [0x00000000e0000000, 0x00000000f5580000, 0x00000000f5580000)
  object space 349696K, 99% used [0x00000000e0000000,0x00000000f557fff8,0x00000000f5580000)
 Metaspace       used 61237K, committed 62336K, reserved 1105920K
  class space    used 5996K, committed 6464K, reserved 1048576K
}
Event: 2362.084 GC heap before
{Heap before GC invocations=1659 (full 1561):
 PSYoungGen      total 41472K, used 29184K [0x00000000f5580000, 0x00000000f8e00000, 0x0000000100000000)
  eden space 29184K, 100% used [0x00000000f5580000,0x00000000f7200000,0x00000000f7200000)
  from space 12288K, 0% used [0x00000000f8200000,0x00000000f8200000,0x00000000f8e00000)
  to   space 13312K, 0% used [0x00000000f7200000,0x00000000f7200000,0x00000000f7f00000)
 ParOldGen       total 349696K, used 349695K [0x00000000e0000000, 0x00000000f5580000, 0x00000000f5580000)
  object space 349696K, 99% used [0x00000000e0000000,0x00000000f557fff8,0x00000000f5580000)
 Metaspace       used 61237K, committed 62336K, reserved 1105920K
  class space    used 5996K, committed 6464K, reserved 1048576K
}
Event: 2363.412 GC heap after
{Heap after GC invocations=1659 (full 1561):
 PSYoungGen      total 42496K, used 29184K [0x00000000f5580000, 0x00000000f8e00000, 0x0000000100000000)
  eden space 29184K, 100% used [0x00000000f5580000,0x00000000f7200000,0x00000000f7200000)
  from space 13312K, 0% used [0x00000000f7200000,0x00000000f7200000,0x00000000f7f00000)
  to   space 12288K, 0% used [0x00000000f8200000,0x00000000f8200000,0x00000000f8e00000)
 ParOldGen       total 349696K, used 349695K [0x00000000e0000000, 0x00000000f5580000, 0x00000000f5580000)
  object space 349696K, 99% used [0x00000000e0000000,0x00000000f557fff8,0x00000000f5580000)
 Metaspace       used 61237K, committed 62336K, reserved 1105920K
  class space    used 5996K, committed 6464K, reserved 1048576K
}
Event: 2363.412 GC heap before
{Heap before GC invocations=1660 (full 1562):
 PSYoungGen      total 42496K, used 29184K [0x00000000f5580000, 0x00000000f8e00000, 0x0000000100000000)
  eden space 29184K, 100% used [0x00000000f5580000,0x00000000f7200000,0x00000000f7200000)
  from space 13312K, 0% used [0x00000000f7200000,0x00000000f7200000,0x00000000f7f00000)
  to   space 12288K, 0% used [0x00000000f8200000,0x00000000f8200000,0x00000000f8e00000)
 ParOldGen       total 349696K, used 349695K [0x00000000e0000000, 0x00000000f5580000, 0x00000000f5580000)
  object space 349696K, 99% used [0x00000000e0000000,0x00000000f557fff8,0x00000000f5580000)
 Metaspace       used 61237K, committed 62336K, reserved 1105920K
  class space    used 5996K, committed 6464K, reserved 1048576K
}
Event: 2364.917 GC heap after
{Heap after GC invocations=1660 (full 1562):
 PSYoungGen      total 41472K, used 29184K [0x00000000f5580000, 0x00000000f8e00000, 0x0000000100000000)
  eden space 29184K, 100% used [0x00000000f5580000,0x00000000f7200000,0x00000000f7200000)
  from space 12288K, 0% used [0x00000000f8200000,0x00000000f8200000,0x00000000f8e00000)
  to   space 13312K, 0% used [0x00000000f7200000,0x00000000f7200000,0x00000000f7f00000)
 ParOldGen       total 349696K, used 349695K [0x00000000e0000000, 0x00000000f5580000, 0x00000000f5580000)
  object space 349696K, 99% used [0x00000000e0000000,0x00000000f557fff8,0x00000000f5580000)
 Metaspace       used 61237K, committed 62336K, reserved 1105920K
  class space    used 5996K, committed 6464K, reserved 1048576K
}

